#
# There is insufficient memory for the Java Runtime Environment to continue.
# Native memory allocation (malloc) failed to allocate 32744 bytes for ChunkPool::allocate
# Possible reasons:
#   The system is out of physical RAM or swap space
#   The process is running with CompressedOops enabled, and the Java Heap may be blocking the growth of the native heap
# Possible solutions:
#   Reduce memory load on the system
#   Increase physical memory or swap space
#   Check if swap backing store is full
#   Decrease Java heap size (-Xmx/-Xms)
#   Decrease number of Java threads
#   Decrease Java thread stack sizes (-Xss)
#   Set larger code cache with -XX:ReservedCodeCacheSize=
#   JVM is running with Zero Based Compressed Oops mode in which the Java heap is
#     placed in the first 32GB address space. The Java Heap base address is the
#     maximum limit for the native heap growth. Please use -XX:HeapBaseMinAddress
#     to set the Java Heap base and to place the Java Heap above 32GB virtual address.
# This output file may be truncated or incomplete.
#
#  Out of Memory Error (./src/hotspot/share/memory/arena.cpp:81), pid=24468, tid=10440
#
# JRE version: OpenJDK Runtime Environment (11.0.8+10) (build 11.0.8+10-b944.6842174)
# Java VM: OpenJDK 64-Bit Server VM (11.0.8+10-b944.6842174, mixed mode, tiered, compressed oops, g1 gc, windows-amd64)
# No core dump will be written. Minidumps are not enabled by default on client versions of Windows
#

---------------  S U M M A R Y ------------

Command Line: -Dorg.gradle.appname=gradlew org.gradle.wrapper.GradleWrapperMain -q -Ptarget-platform=android-arm64 -Ptarget=E:\imperial\app\imperial\lib\main.dart -Pbase-application-name=android.app.Application -Pdart-defines=Zmx1dHRlci5pbnNwZWN0b3Iuc3RydWN0dXJlZEVycm9ycz10cnVl,RkxVVFRFUl9XRUJfQVVUT19ERVRFQ1Q9dHJ1ZQ== -Pdart-obfuscation=false -Ptrack-widget-creation=true -Ptree-shake-icons=false -Pfilesystem-scheme=org-dartlang-root assembleDebug

Host: Intel(R) Core(TM) i7-4810MQ CPU @ 2.80GHz, 8 cores, 15G,  Windows 10 , 64 bit Build 19041 (10.0.19041.2788)
Time: Mon May  1 11:41:20 2023 Egypt Daylight Time elapsed time: 12 seconds (0d 0h 0m 12s)

---------------  T H R E A D  ---------------

Current thread (0x000001edb2eb0800):  JavaThread "C1 CompilerThread0" daemon [_thread_in_native, id=10440, stack(0x0000000f5fb00000,0x0000000f5fc00000)]


Current CompileTask:
C1:  12220 1165       3       java.lang.invoke.VarHandleGuards::guard_LL_V (103 bytes)

Stack: [0x0000000f5fb00000,0x0000000f5fc00000]
Native frames: (J=compiled Java code, j=interpreted, Vv=VM code, C=native code)
V  [jvm.dll+0x5de50a]
V  [jvm.dll+0x7122f5]
V  [jvm.dll+0x71384d]
V  [jvm.dll+0x713f03]
V  [jvm.dll+0x23e728]
V  [jvm.dll+0xb8beb]
V  [jvm.dll+0xb8e9c]
V  [jvm.dll+0x15f0f5]
V  [jvm.dll+0xfddf9]
V  [jvm.dll+0xfd620]
V  [jvm.dll+0x149a13]
V  [jvm.dll+0x14ecb3]
V  [jvm.dll+0x14a77e]
V  [jvm.dll+0x136d20]
V  [jvm.dll+0x11f260]
V  [jvm.dll+0x11edf9]
V  [jvm.dll+0x11ef63]
V  [jvm.dll+0x11e277]
V  [jvm.dll+0x11fe47]
V  [jvm.dll+0x205047]
V  [jvm.dll+0x203891]
V  [jvm.dll+0x6dad3f]
V  [jvm.dll+0x6d3895]
V  [jvm.dll+0x5dd4a6]
C  [ucrtbase.dll+0x21bb2]
C  [KERNEL32.DLL+0x17604]
C  [ntdll.dll+0x526a1]


---------------  P R O C E S S  ---------------

Threads class SMR info:
_java_thread_list=0x000001edb3faf610, length=13, elements={
0x000001ed93602000, 0x000001edb2e54800, 0x000001edb2e56000, 0x000001edb2ea9800,
0x000001edb2eab800, 0x000001edb2ead800, 0x000001edb2eb0800, 0x000001edb2ebb800,
0x000001edb3004800, 0x000001edb300f800, 0x000001edb3ef0800, 0x000001edb3e04000,
0x000001edb3ce9000
}

Java Threads: ( => current thread )
  0x000001ed93602000 JavaThread "main" [_thread_in_native, id=20708, stack(0x0000000f5ef00000,0x0000000f5f000000)]
  0x000001edb2e54800 JavaThread "Reference Handler" daemon [_thread_blocked, id=22364, stack(0x0000000f5f600000,0x0000000f5f700000)]
  0x000001edb2e56000 JavaThread "Finalizer" daemon [_thread_blocked, id=19024, stack(0x0000000f5f700000,0x0000000f5f800000)]
  0x000001edb2ea9800 JavaThread "Signal Dispatcher" daemon [_thread_blocked, id=9188, stack(0x0000000f5f800000,0x0000000f5f900000)]
  0x000001edb2eab800 JavaThread "Attach Listener" daemon [_thread_blocked, id=9788, stack(0x0000000f5f900000,0x0000000f5fa00000)]
  0x000001edb2ead800 JavaThread "C2 CompilerThread0" daemon [_thread_blocked, id=13932, stack(0x0000000f5fa00000,0x0000000f5fb00000)]
=>0x000001edb2eb0800 JavaThread "C1 CompilerThread0" daemon [_thread_in_native, id=10440, stack(0x0000000f5fb00000,0x0000000f5fc00000)]
  0x000001edb2ebb800 JavaThread "Sweeper thread" daemon [_thread_blocked, id=20032, stack(0x0000000f5fc00000,0x0000000f5fd00000)]
  0x000001edb3004800 JavaThread "Service Thread" daemon [_thread_blocked, id=5820, stack(0x0000000f5fd00000,0x0000000f5fe00000)]
  0x000001edb300f800 JavaThread "Common-Cleaner" daemon [_thread_blocked, id=2596, stack(0x0000000f5ff00000,0x0000000f60000000)]
  0x000001edb3ef0800 JavaThread "pool-1-thread-1" [_thread_blocked, id=23688, stack(0x0000000f60600000,0x0000000f60700000)]
  0x000001edb3e04000 JavaThread "DisconnectableInputStream source reader" daemon [_thread_in_native, id=20948, stack(0x0000000f60700000,0x0000000f60800000)]
  0x000001edb3ce9000 JavaThread "Forward input" [_thread_blocked, id=20968, stack(0x0000000f60800000,0x0000000f60900000)]

Other Threads:
  0x000001edb2584000 VMThread "VM Thread" [stack: 0x0000000f5f500000,0x0000000f5f600000] [id=12272]
  0x000001edb3007000 WatcherThread [stack: 0x0000000f5fe00000,0x0000000f5ff00000] [id=15672]
  0x000001ed93617800 GCTaskThread "GC Thread#0" [stack: 0x0000000f5f000000,0x0000000f5f100000] [id=16372]
  0x000001edb3b20800 GCTaskThread "GC Thread#1" [stack: 0x0000000f60100000,0x0000000f60200000] [id=8332]
  0x000001edb3b15000 GCTaskThread "GC Thread#2" [stack: 0x0000000f60200000,0x0000000f60300000] [id=12316]
  0x000001edb3b8a800 GCTaskThread "GC Thread#3" [stack: 0x0000000f60300000,0x0000000f60400000] [id=3852]
  0x000001edb3692800 GCTaskThread "GC Thread#4" [stack: 0x0000000f60400000,0x0000000f60500000] [id=13960]
  0x000001edb3916000 GCTaskThread "GC Thread#5" [stack: 0x0000000f60500000,0x0000000f60600000] [id=19040]
  0x000001ed93673000 ConcurrentGCThread "G1 Main Marker" [stack: 0x0000000f5f100000,0x0000000f5f200000] [id=18568]
  0x000001ed93674800 ConcurrentGCThread "G1 Conc#0" [stack: 0x0000000f5f200000,0x0000000f5f300000] [id=12168]
  0x000001ed936de000 ConcurrentGCThread "G1 Refine#0" [stack: 0x0000000f5f300000,0x0000000f5f400000] [id=8016]
  0x000001edb246d800 ConcurrentGCThread "G1 Young RemSet Sampling" [stack: 0x0000000f5f400000,0x0000000f5f500000] [id=10912]

Threads with active compile tasks:
C1 CompilerThread0  12772 1165       3       java.lang.invoke.VarHandleGuards::guard_LL_V (103 bytes)

VM state:not at safepoint (normal execution)

VM Mutex/Monitor currently owned by a thread: None

Heap address: 0x0000000701400000, size: 4076 MB, Compressed Oops mode: Zero based, Oop shift amount: 3
Narrow klass base: 0x0000000800000000, Narrow klass shift: 0
Compressed class space size: 1073741824 Address: 0x0000000800000000

Heap:
 garbage-first heap   total 262144K, used 26578K [0x0000000701400000, 0x0000000800000000)
  region size 1024K, 21 young (21504K), 3 survivors (3072K)
 Metaspace       used 14938K, capacity 15262K, committed 15488K, reserved 1062912K
  class space    used 1740K, capacity 1835K, committed 1920K, reserved 1048576K
Heap Regions: E=young(eden), S=young(survivor), O=old, HS=humongous(starts), HC=humongous(continues), CS=collection set, F=free, A=archive, TAMS=top-at-mark-start (previous, next)
|   0|0x0000000701400000, 0x0000000701400000, 0x0000000701500000|  0%| F|  |TAMS 0x0000000701400000, 0x0000000701400000| Untracked 
|   1|0x0000000701500000, 0x0000000701500000, 0x0000000701600000|  0%| F|  |TAMS 0x0000000701500000, 0x0000000701500000| Untracked 
|   2|0x0000000701600000, 0x0000000701600000, 0x0000000701700000|  0%| F|  |TAMS 0x0000000701600000, 0x0000000701600000| Untracked 
|   3|0x0000000701700000, 0x0000000701800000, 0x0000000701800000|100%|HS|  |TAMS 0x0000000701700000, 0x0000000701700000| Complete 
|   4|0x0000000701800000, 0x0000000701900000, 0x0000000701900000|100%|HC|  |TAMS 0x0000000701800000, 0x0000000701800000| Complete 
|   5|0x0000000701900000, 0x0000000701a00000, 0x0000000701a00000|100%|HC|  |TAMS 0x0000000701900000, 0x0000000701900000| Complete 
|   6|0x0000000701a00000, 0x0000000701b00000, 0x0000000701b00000|100%| O|  |TAMS 0x0000000701a00000, 0x0000000701a00000| Untracked 
|   7|0x0000000701b00000, 0x0000000701c00000, 0x0000000701c00000|100%| O|  |TAMS 0x0000000701b00000, 0x0000000701b00000| Untracked 
|   8|0x0000000701c00000, 0x0000000701cf4a00, 0x0000000701d00000| 95%| O|  |TAMS 0x0000000701c00000, 0x0000000701c00000| Untracked 
|   9|0x0000000701d00000, 0x0000000701d00000, 0x0000000701e00000|  0%| F|  |TAMS 0x0000000701d00000, 0x0000000701d00000| Untracked 
|  10|0x0000000701e00000, 0x0000000701e00000, 0x0000000701f00000|  0%| F|  |TAMS 0x0000000701e00000, 0x0000000701e00000| Untracked 
|  11|0x0000000701f00000, 0x0000000701f00000, 0x0000000702000000|  0%| F|  |TAMS 0x0000000701f00000, 0x0000000701f00000| Untracked 
|  12|0x0000000702000000, 0x0000000702000000, 0x0000000702100000|  0%| F|  |TAMS 0x0000000702000000, 0x0000000702000000| Untracked 
|  13|0x0000000702100000, 0x0000000702100000, 0x0000000702200000|  0%| F|  |TAMS 0x0000000702100000, 0x0000000702100000| Untracked 
|  14|0x0000000702200000, 0x0000000702200000, 0x0000000702300000|  0%| F|  |TAMS 0x0000000702200000, 0x0000000702200000| Untracked 
|  15|0x0000000702300000, 0x0000000702300000, 0x0000000702400000|  0%| F|  |TAMS 0x0000000702300000, 0x0000000702300000| Untracked 
|  16|0x0000000702400000, 0x0000000702400000, 0x0000000702500000|  0%| F|  |TAMS 0x0000000702400000, 0x0000000702400000| Untracked 
|  17|0x0000000702500000, 0x0000000702500000, 0x0000000702600000|  0%| F|  |TAMS 0x0000000702500000, 0x0000000702500000| Untracked 
|  18|0x0000000702600000, 0x0000000702600000, 0x0000000702700000|  0%| F|  |TAMS 0x0000000702600000, 0x0000000702600000| Untracked 
|  19|0x0000000702700000, 0x0000000702700000, 0x0000000702800000|  0%| F|  |TAMS 0x0000000702700000, 0x0000000702700000| Untracked 
|  20|0x0000000702800000, 0x0000000702800000, 0x0000000702900000|  0%| F|  |TAMS 0x0000000702800000, 0x0000000702800000| Untracked 
|  21|0x0000000702900000, 0x0000000702900000, 0x0000000702a00000|  0%| F|  |TAMS 0x0000000702900000, 0x0000000702900000| Untracked 
|  22|0x0000000702a00000, 0x0000000702a00000, 0x0000000702b00000|  0%| F|  |TAMS 0x0000000702a00000, 0x0000000702a00000| Untracked 
|  23|0x0000000702b00000, 0x0000000702b00000, 0x0000000702c00000|  0%| F|  |TAMS 0x0000000702b00000, 0x0000000702b00000| Untracked 
|  24|0x0000000702c00000, 0x0000000702c00000, 0x0000000702d00000|  0%| F|  |TAMS 0x0000000702c00000, 0x0000000702c00000| Untracked 
|  25|0x0000000702d00000, 0x0000000702d00000, 0x0000000702e00000|  0%| F|  |TAMS 0x0000000702d00000, 0x0000000702d00000| Untracked 
|  26|0x0000000702e00000, 0x0000000702e00000, 0x0000000702f00000|  0%| F|  |TAMS 0x0000000702e00000, 0x0000000702e00000| Untracked 
|  27|0x0000000702f00000, 0x0000000702f00000, 0x0000000703000000|  0%| F|  |TAMS 0x0000000702f00000, 0x0000000702f00000| Untracked 
|  28|0x0000000703000000, 0x0000000703000000, 0x0000000703100000|  0%| F|  |TAMS 0x0000000703000000, 0x0000000703000000| Untracked 
|  29|0x0000000703100000, 0x0000000703100000, 0x0000000703200000|  0%| F|  |TAMS 0x0000000703100000, 0x0000000703100000| Untracked 
|  30|0x0000000703200000, 0x0000000703200000, 0x0000000703300000|  0%| F|  |TAMS 0x0000000703200000, 0x0000000703200000| Untracked 
|  31|0x0000000703300000, 0x0000000703300000, 0x0000000703400000|  0%| F|  |TAMS 0x0000000703300000, 0x0000000703300000| Untracked 
|  32|0x0000000703400000, 0x0000000703400000, 0x0000000703500000|  0%| F|  |TAMS 0x0000000703400000, 0x0000000703400000| Untracked 
|  33|0x0000000703500000, 0x0000000703500000, 0x0000000703600000|  0%| F|  |TAMS 0x0000000703500000, 0x0000000703500000| Untracked 
|  34|0x0000000703600000, 0x0000000703600000, 0x0000000703700000|  0%| F|  |TAMS 0x0000000703600000, 0x0000000703600000| Untracked 
|  35|0x0000000703700000, 0x0000000703700000, 0x0000000703800000|  0%| F|  |TAMS 0x0000000703700000, 0x0000000703700000| Untracked 
|  36|0x0000000703800000, 0x0000000703800000, 0x0000000703900000|  0%| F|  |TAMS 0x0000000703800000, 0x0000000703800000| Untracked 
|  37|0x0000000703900000, 0x0000000703900000, 0x0000000703a00000|  0%| F|  |TAMS 0x0000000703900000, 0x0000000703900000| Untracked 
|  38|0x0000000703a00000, 0x0000000703a00000, 0x0000000703b00000|  0%| F|  |TAMS 0x0000000703a00000, 0x0000000703a00000| Untracked 
|  39|0x0000000703b00000, 0x0000000703b00000, 0x0000000703c00000|  0%| F|  |TAMS 0x0000000703b00000, 0x0000000703b00000| Untracked 
|  40|0x0000000703c00000, 0x0000000703c00000, 0x0000000703d00000|  0%| F|  |TAMS 0x0000000703c00000, 0x0000000703c00000| Untracked 
|  41|0x0000000703d00000, 0x0000000703d00000, 0x0000000703e00000|  0%| F|  |TAMS 0x0000000703d00000, 0x0000000703d00000| Untracked 
|  42|0x0000000703e00000, 0x0000000703e00000, 0x0000000703f00000|  0%| F|  |TAMS 0x0000000703e00000, 0x0000000703e00000| Untracked 
|  43|0x0000000703f00000, 0x0000000703f00000, 0x0000000704000000|  0%| F|  |TAMS 0x0000000703f00000, 0x0000000703f00000| Untracked 
|  44|0x0000000704000000, 0x0000000704000000, 0x0000000704100000|  0%| F|  |TAMS 0x0000000704000000, 0x0000000704000000| Untracked 
|  45|0x0000000704100000, 0x0000000704100000, 0x0000000704200000|  0%| F|  |TAMS 0x0000000704100000, 0x0000000704100000| Untracked 
|  46|0x0000000704200000, 0x0000000704200000, 0x0000000704300000|  0%| F|  |TAMS 0x0000000704200000, 0x0000000704200000| Untracked 
|  47|0x0000000704300000, 0x0000000704300000, 0x0000000704400000|  0%| F|  |TAMS 0x0000000704300000, 0x0000000704300000| Untracked 
|  48|0x0000000704400000, 0x0000000704400000, 0x0000000704500000|  0%| F|  |TAMS 0x0000000704400000, 0x0000000704400000| Untracked 
|  49|0x0000000704500000, 0x0000000704500000, 0x0000000704600000|  0%| F|  |TAMS 0x0000000704500000, 0x0000000704500000| Untracked 
|  50|0x0000000704600000, 0x0000000704600000, 0x0000000704700000|  0%| F|  |TAMS 0x0000000704600000, 0x0000000704600000| Untracked 
|  51|0x0000000704700000, 0x0000000704700000, 0x0000000704800000|  0%| F|  |TAMS 0x0000000704700000, 0x0000000704700000| Untracked 
|  52|0x0000000704800000, 0x0000000704800000, 0x0000000704900000|  0%| F|  |TAMS 0x0000000704800000, 0x0000000704800000| Untracked 
|  53|0x0000000704900000, 0x0000000704900000, 0x0000000704a00000|  0%| F|  |TAMS 0x0000000704900000, 0x0000000704900000| Untracked 
|  54|0x0000000704a00000, 0x0000000704a00000, 0x0000000704b00000|  0%| F|  |TAMS 0x0000000704a00000, 0x0000000704a00000| Untracked 
|  55|0x0000000704b00000, 0x0000000704b00000, 0x0000000704c00000|  0%| F|  |TAMS 0x0000000704b00000, 0x0000000704b00000| Untracked 
|  56|0x0000000704c00000, 0x0000000704c00000, 0x0000000704d00000|  0%| F|  |TAMS 0x0000000704c00000, 0x0000000704c00000| Untracked 
|  57|0x0000000704d00000, 0x0000000704d00000, 0x0000000704e00000|  0%| F|  |TAMS 0x0000000704d00000, 0x0000000704d00000| Untracked 
|  58|0x0000000704e00000, 0x0000000704e00000, 0x0000000704f00000|  0%| F|  |TAMS 0x0000000704e00000, 0x0000000704e00000| Untracked 
|  59|0x0000000704f00000, 0x0000000704f00000, 0x0000000705000000|  0%| F|  |TAMS 0x0000000704f00000, 0x0000000704f00000| Untracked 
|  60|0x0000000705000000, 0x0000000705000000, 0x0000000705100000|  0%| F|  |TAMS 0x0000000705000000, 0x0000000705000000| Untracked 
|  61|0x0000000705100000, 0x0000000705100000, 0x0000000705200000|  0%| F|  |TAMS 0x0000000705100000, 0x0000000705100000| Untracked 
|  62|0x0000000705200000, 0x0000000705200000, 0x0000000705300000|  0%| F|  |TAMS 0x0000000705200000, 0x0000000705200000| Untracked 
|  63|0x0000000705300000, 0x0000000705300000, 0x0000000705400000|  0%| F|  |TAMS 0x0000000705300000, 0x0000000705300000| Untracked 
|  64|0x0000000705400000, 0x0000000705400000, 0x0000000705500000|  0%| F|  |TAMS 0x0000000705400000, 0x0000000705400000| Untracked 
|  65|0x0000000705500000, 0x0000000705500000, 0x0000000705600000|  0%| F|  |TAMS 0x0000000705500000, 0x0000000705500000| Untracked 
|  66|0x0000000705600000, 0x0000000705600000, 0x0000000705700000|  0%| F|  |TAMS 0x0000000705600000, 0x0000000705600000| Untracked 
|  67|0x0000000705700000, 0x0000000705700000, 0x0000000705800000|  0%| F|  |TAMS 0x0000000705700000, 0x0000000705700000| Untracked 
|  68|0x0000000705800000, 0x0000000705800000, 0x0000000705900000|  0%| F|  |TAMS 0x0000000705800000, 0x0000000705800000| Untracked 
|  69|0x0000000705900000, 0x0000000705900000, 0x0000000705a00000|  0%| F|  |TAMS 0x0000000705900000, 0x0000000705900000| Untracked 
|  70|0x0000000705a00000, 0x0000000705a00000, 0x0000000705b00000|  0%| F|  |TAMS 0x0000000705a00000, 0x0000000705a00000| Untracked 
|  71|0x0000000705b00000, 0x0000000705b00000, 0x0000000705c00000|  0%| F|  |TAMS 0x0000000705b00000, 0x0000000705b00000| Untracked 
|  72|0x0000000705c00000, 0x0000000705c00000, 0x0000000705d00000|  0%| F|  |TAMS 0x0000000705c00000, 0x0000000705c00000| Untracked 
|  73|0x0000000705d00000, 0x0000000705d00000, 0x0000000705e00000|  0%| F|  |TAMS 0x0000000705d00000, 0x0000000705d00000| Untracked 
|  74|0x0000000705e00000, 0x0000000705e00000, 0x0000000705f00000|  0%| F|  |TAMS 0x0000000705e00000, 0x0000000705e00000| Untracked 
|  75|0x0000000705f00000, 0x0000000705f00000, 0x0000000706000000|  0%| F|  |TAMS 0x0000000705f00000, 0x0000000705f00000| Untracked 
|  76|0x0000000706000000, 0x0000000706000000, 0x0000000706100000|  0%| F|  |TAMS 0x0000000706000000, 0x0000000706000000| Untracked 
|  77|0x0000000706100000, 0x0000000706100000, 0x0000000706200000|  0%| F|  |TAMS 0x0000000706100000, 0x0000000706100000| Untracked 
|  78|0x0000000706200000, 0x0000000706200000, 0x0000000706300000|  0%| F|  |TAMS 0x0000000706200000, 0x0000000706200000| Untracked 
|  79|0x0000000706300000, 0x0000000706300000, 0x0000000706400000|  0%| F|  |TAMS 0x0000000706300000, 0x0000000706300000| Untracked 
|  80|0x0000000706400000, 0x0000000706400000, 0x0000000706500000|  0%| F|  |TAMS 0x0000000706400000, 0x0000000706400000| Untracked 
|  81|0x0000000706500000, 0x0000000706500000, 0x0000000706600000|  0%| F|  |TAMS 0x0000000706500000, 0x0000000706500000| Untracked 
|  82|0x0000000706600000, 0x0000000706600000, 0x0000000706700000|  0%| F|  |TAMS 0x0000000706600000, 0x0000000706600000| Untracked 
|  83|0x0000000706700000, 0x0000000706700000, 0x0000000706800000|  0%| F|  |TAMS 0x0000000706700000, 0x0000000706700000| Untracked 
|  84|0x0000000706800000, 0x0000000706800000, 0x0000000706900000|  0%| F|  |TAMS 0x0000000706800000, 0x0000000706800000| Untracked 
|  85|0x0000000706900000, 0x0000000706900000, 0x0000000706a00000|  0%| F|  |TAMS 0x0000000706900000, 0x0000000706900000| Untracked 
|  86|0x0000000706a00000, 0x0000000706a00000, 0x0000000706b00000|  0%| F|  |TAMS 0x0000000706a00000, 0x0000000706a00000| Untracked 
|  87|0x0000000706b00000, 0x0000000706b00000, 0x0000000706c00000|  0%| F|  |TAMS 0x0000000706b00000, 0x0000000706b00000| Untracked 
|  88|0x0000000706c00000, 0x0000000706c00000, 0x0000000706d00000|  0%| F|  |TAMS 0x0000000706c00000, 0x0000000706c00000| Untracked 
|  89|0x0000000706d00000, 0x0000000706d00000, 0x0000000706e00000|  0%| F|  |TAMS 0x0000000706d00000, 0x0000000706d00000| Untracked 
|  90|0x0000000706e00000, 0x0000000706e00000, 0x0000000706f00000|  0%| F|  |TAMS 0x0000000706e00000, 0x0000000706e00000| Untracked 
|  91|0x0000000706f00000, 0x0000000706f00000, 0x0000000707000000|  0%| F|  |TAMS 0x0000000706f00000, 0x0000000706f00000| Untracked 
|  92|0x0000000707000000, 0x0000000707000000, 0x0000000707100000|  0%| F|  |TAMS 0x0000000707000000, 0x0000000707000000| Untracked 
|  93|0x0000000707100000, 0x0000000707100000, 0x0000000707200000|  0%| F|  |TAMS 0x0000000707100000, 0x0000000707100000| Untracked 
|  94|0x0000000707200000, 0x0000000707200000, 0x0000000707300000|  0%| F|  |TAMS 0x0000000707200000, 0x0000000707200000| Untracked 
|  95|0x0000000707300000, 0x0000000707300000, 0x0000000707400000|  0%| F|  |TAMS 0x0000000707300000, 0x0000000707300000| Untracked 
|  96|0x0000000707400000, 0x0000000707400000, 0x0000000707500000|  0%| F|  |TAMS 0x0000000707400000, 0x0000000707400000| Untracked 
|  97|0x0000000707500000, 0x0000000707500000, 0x0000000707600000|  0%| F|  |TAMS 0x0000000707500000, 0x0000000707500000| Untracked 
|  98|0x0000000707600000, 0x0000000707600000, 0x0000000707700000|  0%| F|  |TAMS 0x0000000707600000, 0x0000000707600000| Untracked 
|  99|0x0000000707700000, 0x0000000707700000, 0x0000000707800000|  0%| F|  |TAMS 0x0000000707700000, 0x0000000707700000| Untracked 
| 100|0x0000000707800000, 0x0000000707800000, 0x0000000707900000|  0%| F|  |TAMS 0x0000000707800000, 0x0000000707800000| Untracked 
| 101|0x0000000707900000, 0x0000000707900000, 0x0000000707a00000|  0%| F|  |TAMS 0x0000000707900000, 0x0000000707900000| Untracked 
| 102|0x0000000707a00000, 0x0000000707a00000, 0x0000000707b00000|  0%| F|  |TAMS 0x0000000707a00000, 0x0000000707a00000| Untracked 
| 103|0x0000000707b00000, 0x0000000707b00000, 0x0000000707c00000|  0%| F|  |TAMS 0x0000000707b00000, 0x0000000707b00000| Untracked 
| 104|0x0000000707c00000, 0x0000000707c00000, 0x0000000707d00000|  0%| F|  |TAMS 0x0000000707c00000, 0x0000000707c00000| Untracked 
| 105|0x0000000707d00000, 0x0000000707d00000, 0x0000000707e00000|  0%| F|  |TAMS 0x0000000707d00000, 0x0000000707d00000| Untracked 
| 106|0x0000000707e00000, 0x0000000707e00000, 0x0000000707f00000|  0%| F|  |TAMS 0x0000000707e00000, 0x0000000707e00000| Untracked 
| 107|0x0000000707f00000, 0x0000000707f00000, 0x0000000708000000|  0%| F|  |TAMS 0x0000000707f00000, 0x0000000707f00000| Untracked 
| 108|0x0000000708000000, 0x0000000708000000, 0x0000000708100000|  0%| F|  |TAMS 0x0000000708000000, 0x0000000708000000| Untracked 
| 109|0x0000000708100000, 0x0000000708100000, 0x0000000708200000|  0%| F|  |TAMS 0x0000000708100000, 0x0000000708100000| Untracked 
| 110|0x0000000708200000, 0x0000000708200000, 0x0000000708300000|  0%| F|  |TAMS 0x0000000708200000, 0x0000000708200000| Untracked 
| 111|0x0000000708300000, 0x0000000708300000, 0x0000000708400000|  0%| F|  |TAMS 0x0000000708300000, 0x0000000708300000| Untracked 
| 112|0x0000000708400000, 0x0000000708400000, 0x0000000708500000|  0%| F|  |TAMS 0x0000000708400000, 0x0000000708400000| Untracked 
| 113|0x0000000708500000, 0x0000000708500000, 0x0000000708600000|  0%| F|  |TAMS 0x0000000708500000, 0x0000000708500000| Untracked 
| 114|0x0000000708600000, 0x0000000708600000, 0x0000000708700000|  0%| F|  |TAMS 0x0000000708600000, 0x0000000708600000| Untracked 
| 115|0x0000000708700000, 0x0000000708700000, 0x0000000708800000|  0%| F|  |TAMS 0x0000000708700000, 0x0000000708700000| Untracked 
| 116|0x0000000708800000, 0x0000000708800000, 0x0000000708900000|  0%| F|  |TAMS 0x0000000708800000, 0x0000000708800000| Untracked 
| 117|0x0000000708900000, 0x0000000708900000, 0x0000000708a00000|  0%| F|  |TAMS 0x0000000708900000, 0x0000000708900000| Untracked 
| 118|0x0000000708a00000, 0x0000000708a00000, 0x0000000708b00000|  0%| F|  |TAMS 0x0000000708a00000, 0x0000000708a00000| Untracked 
| 119|0x0000000708b00000, 0x0000000708b00000, 0x0000000708c00000|  0%| F|  |TAMS 0x0000000708b00000, 0x0000000708b00000| Untracked 
| 120|0x0000000708c00000, 0x0000000708c00000, 0x0000000708d00000|  0%| F|  |TAMS 0x0000000708c00000, 0x0000000708c00000| Untracked 
| 121|0x0000000708d00000, 0x0000000708d00000, 0x0000000708e00000|  0%| F|  |TAMS 0x0000000708d00000, 0x0000000708d00000| Untracked 
| 122|0x0000000708e00000, 0x0000000708e00000, 0x0000000708f00000|  0%| F|  |TAMS 0x0000000708e00000, 0x0000000708e00000| Untracked 
| 123|0x0000000708f00000, 0x0000000708f00000, 0x0000000709000000|  0%| F|  |TAMS 0x0000000708f00000, 0x0000000708f00000| Untracked 
| 124|0x0000000709000000, 0x0000000709000000, 0x0000000709100000|  0%| F|  |TAMS 0x0000000709000000, 0x0000000709000000| Untracked 
| 125|0x0000000709100000, 0x0000000709100000, 0x0000000709200000|  0%| F|  |TAMS 0x0000000709100000, 0x0000000709100000| Untracked 
| 126|0x0000000709200000, 0x0000000709200000, 0x0000000709300000|  0%| F|  |TAMS 0x0000000709200000, 0x0000000709200000| Untracked 
| 127|0x0000000709300000, 0x0000000709300000, 0x0000000709400000|  0%| F|  |TAMS 0x0000000709300000, 0x0000000709300000| Untracked 
| 128|0x0000000709400000, 0x0000000709400000, 0x0000000709500000|  0%| F|  |TAMS 0x0000000709400000, 0x0000000709400000| Untracked 
| 129|0x0000000709500000, 0x0000000709500000, 0x0000000709600000|  0%| F|  |TAMS 0x0000000709500000, 0x0000000709500000| Untracked 
| 130|0x0000000709600000, 0x0000000709600000, 0x0000000709700000|  0%| F|  |TAMS 0x0000000709600000, 0x0000000709600000| Untracked 
| 131|0x0000000709700000, 0x0000000709700000, 0x0000000709800000|  0%| F|  |TAMS 0x0000000709700000, 0x0000000709700000| Untracked 
| 132|0x0000000709800000, 0x0000000709800000, 0x0000000709900000|  0%| F|  |TAMS 0x0000000709800000, 0x0000000709800000| Untracked 
| 133|0x0000000709900000, 0x0000000709900000, 0x0000000709a00000|  0%| F|  |TAMS 0x0000000709900000, 0x0000000709900000| Untracked 
| 134|0x0000000709a00000, 0x0000000709a00000, 0x0000000709b00000|  0%| F|  |TAMS 0x0000000709a00000, 0x0000000709a00000| Untracked 
| 135|0x0000000709b00000, 0x0000000709b00000, 0x0000000709c00000|  0%| F|  |TAMS 0x0000000709b00000, 0x0000000709b00000| Untracked 
| 136|0x0000000709c00000, 0x0000000709c00000, 0x0000000709d00000|  0%| F|  |TAMS 0x0000000709c00000, 0x0000000709c00000| Untracked 
| 137|0x0000000709d00000, 0x0000000709d00000, 0x0000000709e00000|  0%| F|  |TAMS 0x0000000709d00000, 0x0000000709d00000| Untracked 
| 138|0x0000000709e00000, 0x0000000709e00000, 0x0000000709f00000|  0%| F|  |TAMS 0x0000000709e00000, 0x0000000709e00000| Untracked 
| 139|0x0000000709f00000, 0x0000000709f00000, 0x000000070a000000|  0%| F|  |TAMS 0x0000000709f00000, 0x0000000709f00000| Untracked 
| 140|0x000000070a000000, 0x000000070a000000, 0x000000070a100000|  0%| F|  |TAMS 0x000000070a000000, 0x000000070a000000| Untracked 
| 141|0x000000070a100000, 0x000000070a100000, 0x000000070a200000|  0%| F|  |TAMS 0x000000070a100000, 0x000000070a100000| Untracked 
| 142|0x000000070a200000, 0x000000070a200000, 0x000000070a300000|  0%| F|  |TAMS 0x000000070a200000, 0x000000070a200000| Untracked 
| 143|0x000000070a300000, 0x000000070a300000, 0x000000070a400000|  0%| F|  |TAMS 0x000000070a300000, 0x000000070a300000| Untracked 
| 144|0x000000070a400000, 0x000000070a400000, 0x000000070a500000|  0%| F|  |TAMS 0x000000070a400000, 0x000000070a400000| Untracked 
| 145|0x000000070a500000, 0x000000070a500000, 0x000000070a600000|  0%| F|  |TAMS 0x000000070a500000, 0x000000070a500000| Untracked 
| 146|0x000000070a600000, 0x000000070a600000, 0x000000070a700000|  0%| F|  |TAMS 0x000000070a600000, 0x000000070a600000| Untracked 
| 147|0x000000070a700000, 0x000000070a700000, 0x000000070a800000|  0%| F|  |TAMS 0x000000070a700000, 0x000000070a700000| Untracked 
| 148|0x000000070a800000, 0x000000070a800000, 0x000000070a900000|  0%| F|  |TAMS 0x000000070a800000, 0x000000070a800000| Untracked 
| 149|0x000000070a900000, 0x000000070a900000, 0x000000070aa00000|  0%| F|  |TAMS 0x000000070a900000, 0x000000070a900000| Untracked 
| 150|0x000000070aa00000, 0x000000070aa00000, 0x000000070ab00000|  0%| F|  |TAMS 0x000000070aa00000, 0x000000070aa00000| Untracked 
| 151|0x000000070ab00000, 0x000000070ab00000, 0x000000070ac00000|  0%| F|  |TAMS 0x000000070ab00000, 0x000000070ab00000| Untracked 
| 152|0x000000070ac00000, 0x000000070ac00000, 0x000000070ad00000|  0%| F|  |TAMS 0x000000070ac00000, 0x000000070ac00000| Untracked 
| 153|0x000000070ad00000, 0x000000070ad00000, 0x000000070ae00000|  0%| F|  |TAMS 0x000000070ad00000, 0x000000070ad00000| Untracked 
| 154|0x000000070ae00000, 0x000000070ae00000, 0x000000070af00000|  0%| F|  |TAMS 0x000000070ae00000, 0x000000070ae00000| Untracked 
| 155|0x000000070af00000, 0x000000070af00000, 0x000000070b000000|  0%| F|  |TAMS 0x000000070af00000, 0x000000070af00000| Untracked 
| 156|0x000000070b000000, 0x000000070b000000, 0x000000070b100000|  0%| F|  |TAMS 0x000000070b000000, 0x000000070b000000| Untracked 
| 157|0x000000070b100000, 0x000000070b100000, 0x000000070b200000|  0%| F|  |TAMS 0x000000070b100000, 0x000000070b100000| Untracked 
| 158|0x000000070b200000, 0x000000070b200000, 0x000000070b300000|  0%| F|  |TAMS 0x000000070b200000, 0x000000070b200000| Untracked 
| 159|0x000000070b300000, 0x000000070b300000, 0x000000070b400000|  0%| F|  |TAMS 0x000000070b300000, 0x000000070b300000| Untracked 
| 160|0x000000070b400000, 0x000000070b400000, 0x000000070b500000|  0%| F|  |TAMS 0x000000070b400000, 0x000000070b400000| Untracked 
| 161|0x000000070b500000, 0x000000070b500000, 0x000000070b600000|  0%| F|  |TAMS 0x000000070b500000, 0x000000070b500000| Untracked 
| 162|0x000000070b600000, 0x000000070b600000, 0x000000070b700000|  0%| F|  |TAMS 0x000000070b600000, 0x000000070b600000| Untracked 
| 163|0x000000070b700000, 0x000000070b700000, 0x000000070b800000|  0%| F|  |TAMS 0x000000070b700000, 0x000000070b700000| Untracked 
| 164|0x000000070b800000, 0x000000070b800000, 0x000000070b900000|  0%| F|  |TAMS 0x000000070b800000, 0x000000070b800000| Untracked 
| 165|0x000000070b900000, 0x000000070b900000, 0x000000070ba00000|  0%| F|  |TAMS 0x000000070b900000, 0x000000070b900000| Untracked 
| 166|0x000000070ba00000, 0x000000070ba00000, 0x000000070bb00000|  0%| F|  |TAMS 0x000000070ba00000, 0x000000070ba00000| Untracked 
| 167|0x000000070bb00000, 0x000000070bb00000, 0x000000070bc00000|  0%| F|  |TAMS 0x000000070bb00000, 0x000000070bb00000| Untracked 
| 168|0x000000070bc00000, 0x000000070bc00000, 0x000000070bd00000|  0%| F|  |TAMS 0x000000070bc00000, 0x000000070bc00000| Untracked 
| 169|0x000000070bd00000, 0x000000070bd00000, 0x000000070be00000|  0%| F|  |TAMS 0x000000070bd00000, 0x000000070bd00000| Untracked 
| 170|0x000000070be00000, 0x000000070be00000, 0x000000070bf00000|  0%| F|  |TAMS 0x000000070be00000, 0x000000070be00000| Untracked 
| 171|0x000000070bf00000, 0x000000070bf00000, 0x000000070c000000|  0%| F|  |TAMS 0x000000070bf00000, 0x000000070bf00000| Untracked 
| 172|0x000000070c000000, 0x000000070c000000, 0x000000070c100000|  0%| F|  |TAMS 0x000000070c000000, 0x000000070c000000| Untracked 
| 173|0x000000070c100000, 0x000000070c100000, 0x000000070c200000|  0%| F|  |TAMS 0x000000070c100000, 0x000000070c100000| Untracked 
| 174|0x000000070c200000, 0x000000070c200000, 0x000000070c300000|  0%| F|  |TAMS 0x000000070c200000, 0x000000070c200000| Untracked 
| 175|0x000000070c300000, 0x000000070c300000, 0x000000070c400000|  0%| F|  |TAMS 0x000000070c300000, 0x000000070c300000| Untracked 
| 176|0x000000070c400000, 0x000000070c400000, 0x000000070c500000|  0%| F|  |TAMS 0x000000070c400000, 0x000000070c400000| Untracked 
| 177|0x000000070c500000, 0x000000070c500000, 0x000000070c600000|  0%| F|  |TAMS 0x000000070c500000, 0x000000070c500000| Untracked 
| 178|0x000000070c600000, 0x000000070c600000, 0x000000070c700000|  0%| F|  |TAMS 0x000000070c600000, 0x000000070c600000| Untracked 
| 179|0x000000070c700000, 0x000000070c700000, 0x000000070c800000|  0%| F|  |TAMS 0x000000070c700000, 0x000000070c700000| Untracked 
| 180|0x000000070c800000, 0x000000070c800000, 0x000000070c900000|  0%| F|  |TAMS 0x000000070c800000, 0x000000070c800000| Untracked 
| 181|0x000000070c900000, 0x000000070c900000, 0x000000070ca00000|  0%| F|  |TAMS 0x000000070c900000, 0x000000070c900000| Untracked 
| 182|0x000000070ca00000, 0x000000070ca00000, 0x000000070cb00000|  0%| F|  |TAMS 0x000000070ca00000, 0x000000070ca00000| Untracked 
| 183|0x000000070cb00000, 0x000000070cb00000, 0x000000070cc00000|  0%| F|  |TAMS 0x000000070cb00000, 0x000000070cb00000| Untracked 
| 184|0x000000070cc00000, 0x000000070cc00000, 0x000000070cd00000|  0%| F|  |TAMS 0x000000070cc00000, 0x000000070cc00000| Untracked 
| 185|0x000000070cd00000, 0x000000070cd00000, 0x000000070ce00000|  0%| F|  |TAMS 0x000000070cd00000, 0x000000070cd00000| Untracked 
| 186|0x000000070ce00000, 0x000000070ce00000, 0x000000070cf00000|  0%| F|  |TAMS 0x000000070ce00000, 0x000000070ce00000| Untracked 
| 187|0x000000070cf00000, 0x000000070cf00000, 0x000000070d000000|  0%| F|  |TAMS 0x000000070cf00000, 0x000000070cf00000| Untracked 
| 188|0x000000070d000000, 0x000000070d000000, 0x000000070d100000|  0%| F|  |TAMS 0x000000070d000000, 0x000000070d000000| Untracked 
| 189|0x000000070d100000, 0x000000070d100000, 0x000000070d200000|  0%| F|  |TAMS 0x000000070d100000, 0x000000070d100000| Untracked 
| 190|0x000000070d200000, 0x000000070d200000, 0x000000070d300000|  0%| F|  |TAMS 0x000000070d200000, 0x000000070d200000| Untracked 
| 191|0x000000070d300000, 0x000000070d300000, 0x000000070d400000|  0%| F|  |TAMS 0x000000070d300000, 0x000000070d300000| Untracked 
| 192|0x000000070d400000, 0x000000070d400000, 0x000000070d500000|  0%| F|  |TAMS 0x000000070d400000, 0x000000070d400000| Untracked 
| 193|0x000000070d500000, 0x000000070d500000, 0x000000070d600000|  0%| F|  |TAMS 0x000000070d500000, 0x000000070d500000| Untracked 
| 194|0x000000070d600000, 0x000000070d600000, 0x000000070d700000|  0%| F|  |TAMS 0x000000070d600000, 0x000000070d600000| Untracked 
| 195|0x000000070d700000, 0x000000070d700000, 0x000000070d800000|  0%| F|  |TAMS 0x000000070d700000, 0x000000070d700000| Untracked 
| 196|0x000000070d800000, 0x000000070d800000, 0x000000070d900000|  0%| F|  |TAMS 0x000000070d800000, 0x000000070d800000| Untracked 
| 197|0x000000070d900000, 0x000000070d900000, 0x000000070da00000|  0%| F|  |TAMS 0x000000070d900000, 0x000000070d900000| Untracked 
| 198|0x000000070da00000, 0x000000070da00000, 0x000000070db00000|  0%| F|  |TAMS 0x000000070da00000, 0x000000070da00000| Untracked 
| 199|0x000000070db00000, 0x000000070db00000, 0x000000070dc00000|  0%| F|  |TAMS 0x000000070db00000, 0x000000070db00000| Untracked 
| 200|0x000000070dc00000, 0x000000070dc00000, 0x000000070dd00000|  0%| F|  |TAMS 0x000000070dc00000, 0x000000070dc00000| Untracked 
| 201|0x000000070dd00000, 0x000000070dd00000, 0x000000070de00000|  0%| F|  |TAMS 0x000000070dd00000, 0x000000070dd00000| Untracked 
| 202|0x000000070de00000, 0x000000070de00000, 0x000000070df00000|  0%| F|  |TAMS 0x000000070de00000, 0x000000070de00000| Untracked 
| 203|0x000000070df00000, 0x000000070df00000, 0x000000070e000000|  0%| F|  |TAMS 0x000000070df00000, 0x000000070df00000| Untracked 
| 204|0x000000070e000000, 0x000000070e000000, 0x000000070e100000|  0%| F|  |TAMS 0x000000070e000000, 0x000000070e000000| Untracked 
| 205|0x000000070e100000, 0x000000070e100000, 0x000000070e200000|  0%| F|  |TAMS 0x000000070e100000, 0x000000070e100000| Untracked 
| 206|0x000000070e200000, 0x000000070e200000, 0x000000070e300000|  0%| F|  |TAMS 0x000000070e200000, 0x000000070e200000| Untracked 
| 207|0x000000070e300000, 0x000000070e300000, 0x000000070e400000|  0%| F|  |TAMS 0x000000070e300000, 0x000000070e300000| Untracked 
| 208|0x000000070e400000, 0x000000070e400000, 0x000000070e500000|  0%| F|  |TAMS 0x000000070e400000, 0x000000070e400000| Untracked 
| 209|0x000000070e500000, 0x000000070e500000, 0x000000070e600000|  0%| F|  |TAMS 0x000000070e500000, 0x000000070e500000| Untracked 
| 210|0x000000070e600000, 0x000000070e600000, 0x000000070e700000|  0%| F|  |TAMS 0x000000070e600000, 0x000000070e600000| Untracked 
| 211|0x000000070e700000, 0x000000070e700000, 0x000000070e800000|  0%| F|  |TAMS 0x000000070e700000, 0x000000070e700000| Untracked 
| 212|0x000000070e800000, 0x000000070e800000, 0x000000070e900000|  0%| F|  |TAMS 0x000000070e800000, 0x000000070e800000| Untracked 
| 213|0x000000070e900000, 0x000000070e900000, 0x000000070ea00000|  0%| F|  |TAMS 0x000000070e900000, 0x000000070e900000| Untracked 
| 214|0x000000070ea00000, 0x000000070ea00000, 0x000000070eb00000|  0%| F|  |TAMS 0x000000070ea00000, 0x000000070ea00000| Untracked 
| 215|0x000000070eb00000, 0x000000070eb00000, 0x000000070ec00000|  0%| F|  |TAMS 0x000000070eb00000, 0x000000070eb00000| Untracked 
| 216|0x000000070ec00000, 0x000000070ec00000, 0x000000070ed00000|  0%| F|  |TAMS 0x000000070ec00000, 0x000000070ec00000| Untracked 
| 217|0x000000070ed00000, 0x000000070ed00000, 0x000000070ee00000|  0%| F|  |TAMS 0x000000070ed00000, 0x000000070ed00000| Untracked 
| 218|0x000000070ee00000, 0x000000070ee00000, 0x000000070ef00000|  0%| F|  |TAMS 0x000000070ee00000, 0x000000070ee00000| Untracked 
| 219|0x000000070ef00000, 0x000000070ef00000, 0x000000070f000000|  0%| F|  |TAMS 0x000000070ef00000, 0x000000070ef00000| Untracked 
| 220|0x000000070f000000, 0x000000070f000000, 0x000000070f100000|  0%| F|  |TAMS 0x000000070f000000, 0x000000070f000000| Untracked 
| 221|0x000000070f100000, 0x000000070f100000, 0x000000070f200000|  0%| F|  |TAMS 0x000000070f100000, 0x000000070f100000| Untracked 
| 222|0x000000070f200000, 0x000000070f200000, 0x000000070f300000|  0%| F|  |TAMS 0x000000070f200000, 0x000000070f200000| Untracked 
| 223|0x000000070f300000, 0x000000070f300000, 0x000000070f400000|  0%| F|  |TAMS 0x000000070f300000, 0x000000070f300000| Untracked 
| 224|0x000000070f400000, 0x000000070f400000, 0x000000070f500000|  0%| F|  |TAMS 0x000000070f400000, 0x000000070f400000| Untracked 
| 225|0x000000070f500000, 0x000000070f500000, 0x000000070f600000|  0%| F|  |TAMS 0x000000070f500000, 0x000000070f500000| Untracked 
| 226|0x000000070f600000, 0x000000070f600000, 0x000000070f700000|  0%| F|  |TAMS 0x000000070f600000, 0x000000070f600000| Untracked 
| 227|0x000000070f700000, 0x000000070f700000, 0x000000070f800000|  0%| F|  |TAMS 0x000000070f700000, 0x000000070f700000| Untracked 
| 228|0x000000070f800000, 0x000000070f800000, 0x000000070f900000|  0%| F|  |TAMS 0x000000070f800000, 0x000000070f800000| Untracked 
| 229|0x000000070f900000, 0x000000070fa00000, 0x000000070fa00000|100%| S|CS|TAMS 0x000000070f900000, 0x000000070f900000| Complete 
| 230|0x000000070fa00000, 0x000000070fb00000, 0x000000070fb00000|100%| S|CS|TAMS 0x000000070fa00000, 0x000000070fa00000| Complete 
| 231|0x000000070fb00000, 0x000000070fc00000, 0x000000070fc00000|100%| S|CS|TAMS 0x000000070fb00000, 0x000000070fb00000| Complete 
| 232|0x000000070fc00000, 0x000000070fc00000, 0x000000070fd00000|  0%| F|  |TAMS 0x000000070fc00000, 0x000000070fc00000| Untracked 
| 233|0x000000070fd00000, 0x000000070fd00000, 0x000000070fe00000|  0%| F|  |TAMS 0x000000070fd00000, 0x000000070fd00000| Untracked 
| 234|0x000000070fe00000, 0x000000070fe00000, 0x000000070ff00000|  0%| F|  |TAMS 0x000000070fe00000, 0x000000070fe00000| Untracked 
| 235|0x000000070ff00000, 0x000000070ff00000, 0x0000000710000000|  0%| F|  |TAMS 0x000000070ff00000, 0x000000070ff00000| Untracked 
| 236|0x0000000710000000, 0x0000000710000000, 0x0000000710100000|  0%| F|  |TAMS 0x0000000710000000, 0x0000000710000000| Untracked 
| 237|0x0000000710100000, 0x0000000710100000, 0x0000000710200000|  0%| F|  |TAMS 0x0000000710100000, 0x0000000710100000| Untracked 
| 238|0x0000000710200000, 0x00000007102b8438, 0x0000000710300000| 71%| E|  |TAMS 0x0000000710200000, 0x0000000710200000| Complete 
| 239|0x0000000710300000, 0x0000000710400000, 0x0000000710400000|100%| E|CS|TAMS 0x0000000710300000, 0x0000000710300000| Complete 
| 240|0x0000000710400000, 0x0000000710500000, 0x0000000710500000|100%| E|CS|TAMS 0x0000000710400000, 0x0000000710400000| Complete 
| 241|0x0000000710500000, 0x0000000710600000, 0x0000000710600000|100%| E|CS|TAMS 0x0000000710500000, 0x0000000710500000| Complete 
| 242|0x0000000710600000, 0x0000000710700000, 0x0000000710700000|100%| E|CS|TAMS 0x0000000710600000, 0x0000000710600000| Complete 
| 243|0x0000000710700000, 0x0000000710800000, 0x0000000710800000|100%| E|CS|TAMS 0x0000000710700000, 0x0000000710700000| Complete 
| 244|0x0000000710800000, 0x0000000710900000, 0x0000000710900000|100%| E|CS|TAMS 0x0000000710800000, 0x0000000710800000| Complete 
| 245|0x0000000710900000, 0x0000000710a00000, 0x0000000710a00000|100%| E|CS|TAMS 0x0000000710900000, 0x0000000710900000| Complete 
| 246|0x0000000710a00000, 0x0000000710b00000, 0x0000000710b00000|100%| E|CS|TAMS 0x0000000710a00000, 0x0000000710a00000| Complete 
| 247|0x0000000710b00000, 0x0000000710c00000, 0x0000000710c00000|100%| E|CS|TAMS 0x0000000710b00000, 0x0000000710b00000| Complete 
| 248|0x0000000710c00000, 0x0000000710d00000, 0x0000000710d00000|100%| E|CS|TAMS 0x0000000710c00000, 0x0000000710c00000| Complete 
| 249|0x0000000710d00000, 0x0000000710e00000, 0x0000000710e00000|100%| E|CS|TAMS 0x0000000710d00000, 0x0000000710d00000| Complete 
| 250|0x0000000710e00000, 0x0000000710f00000, 0x0000000710f00000|100%| E|CS|TAMS 0x0000000710e00000, 0x0000000710e00000| Complete 
| 251|0x0000000710f00000, 0x0000000711000000, 0x0000000711000000|100%| E|CS|TAMS 0x0000000710f00000, 0x0000000710f00000| Complete 
| 252|0x0000000711000000, 0x0000000711100000, 0x0000000711100000|100%| E|CS|TAMS 0x0000000711000000, 0x0000000711000000| Complete 
| 253|0x0000000711100000, 0x0000000711200000, 0x0000000711200000|100%| E|CS|TAMS 0x0000000711100000, 0x0000000711100000| Complete 
| 254|0x0000000711200000, 0x0000000711300000, 0x0000000711300000|100%| E|CS|TAMS 0x0000000711200000, 0x0000000711200000| Complete 
| 255|0x0000000711300000, 0x0000000711400000, 0x0000000711400000|100%| E|CS|TAMS 0x0000000711300000, 0x0000000711300000| Complete 

Card table byte_map: [0x000001eda6ab0000,0x000001eda72b0000] _byte_map_base: 0x000001eda32a6000

Marking Bits (Prev, Next): (CMBitMap*) 0x000001ed93661798, (CMBitMap*) 0x000001ed936617d0
 Prev Bits: [0x000001eda7ab0000, 0x000001edaba60000)
 Next Bits: [0x000001edaba60000, 0x000001edafa10000)

Polling page: 0x000001ed915b0000

Metaspace:

Usage:
  Non-class:     13.11 MB capacity,    12.89 MB ( 98%) used,   207.95 KB (  2%) free+waste,    20.94 KB ( <1%) overhead. 
      Class:      1.79 MB capacity,     1.70 MB ( 95%) used,    84.29 KB (  5%) free+waste,    10.31 KB ( <1%) overhead. 
       Both:     14.90 MB capacity,    14.59 MB ( 98%) used,   292.24 KB (  2%) free+waste,    31.25 KB ( <1%) overhead. 

Virtual space:
  Non-class space:       14.00 MB reserved,      13.25 MB ( 95%) committed 
      Class space:        1.00 GB reserved,       1.88 MB ( <1%) committed 
             Both:        1.01 GB reserved,      15.13 MB (  1%) committed 

Chunk freelists:
   Non-Class:  13.00 KB
       Class:  21.00 KB
        Both:  34.00 KB

MaxMetaspaceSize: 17179869184.00 GB
CompressedClassSpaceSize: 1.00 GB

CodeHeap 'non-profiled nmethods': size=120000Kb used=416Kb max_used=416Kb free=119583Kb
 bounds [0x000001ed9ea50000, 0x000001ed9ecc0000, 0x000001eda5f80000]
CodeHeap 'profiled nmethods': size=120000Kb used=2107Kb max_used=2107Kb free=117892Kb
 bounds [0x000001ed97520000, 0x000001ed97790000, 0x000001ed9ea50000]
CodeHeap 'non-nmethods': size=5760Kb used=1104Kb max_used=1115Kb free=4655Kb
 bounds [0x000001ed96f80000, 0x000001ed971f0000, 0x000001ed97520000]
 total_blobs=1584 nmethods=1165 adapters=331
 compilation: enabled
              stopped_count=0, restarted_count=0
 full_count=0

Compilation events (20 events):
Event: 6.217 Thread 0x000001edb2eb0800 nmethod 1154 0x000001ed97729f10 code [0x000001ed9772a0c0, 0x000001ed9772a1f8]
Event: 6.623 Thread 0x000001edb2eb0800 1155       1       org.gradle.internal.logging.text.AbstractLineChoppingStyledTextOutput$SeenFromEol::size (5 bytes)
Event: 6.623 Thread 0x000001edb2eb0800 nmethod 1155 0x000001ed9eab7810 code [0x000001ed9eab79c0, 0x000001ed9eab7a78]
Event: 6.623 Thread 0x000001edb2eb0800 1156       1       org.gradle.internal.logging.text.AbstractLineChoppingStyledTextOutput$StateContext::access$000 (5 bytes)
Event: 6.623 Thread 0x000001edb2eb0800 nmethod 1156 0x000001ed9eab7b10 code [0x000001ed9eab7cc0, 0x000001ed9eab7d58]
Event: 6.623 Thread 0x000001edb2eb0800 1157       3       java.util.LinkedHashMap$LinkedHashIterator::<init> (31 bytes)
Event: 6.623 Thread 0x000001edb2eb0800 nmethod 1157 0x000001ed9772a290 code [0x000001ed9772a440, 0x000001ed9772a6b8]
Event: 8.422 Thread 0x000001edb2eb0800 1158       3       java.util.concurrent.locks.AbstractQueuedSynchronizer::acquire (27 bytes)
Event: 8.423 Thread 0x000001edb2eb0800 nmethod 1158 0x000001ed9772a790 code [0x000001ed9772a980, 0x000001ed9772ad78]
Event: 8.517 Thread 0x000001edb2eb0800 1159       3       java.util.concurrent.locks.ReentrantLock::unlock (10 bytes)
Event: 8.518 Thread 0x000001edb2eb0800 nmethod 1159 0x000001ed9772ae90 code [0x000001ed9772b060, 0x000001ed9772b398]
Event: 8.626 Thread 0x000001edb2eb0800 1160       3       java.lang.invoke.VarHandleGuards::guard_LLL_Z (70 bytes)
Event: 8.627 Thread 0x000001edb2eb0800 nmethod 1160 0x000001ed9772b510 code [0x000001ed9772b7c0, 0x000001ed9772c888]
Event: 9.018 Thread 0x000001edb2eb0800 1162       3       java.lang.invoke.VarHandleObjects$FieldInstanceReadWrite::compareAndSet (38 bytes)
Event: 9.018 Thread 0x000001edb2eb0800 nmethod 1162 0x000001ed9772ce10 code [0x000001ed9772d080, 0x000001ed9772da28]
Event: 9.718 Thread 0x000001edb2eb0800 1163       3       java.util.concurrent.ThreadPoolExecutor::isShutdown (12 bytes)
Event: 9.718 Thread 0x000001edb2eb0800 nmethod 1163 0x000001ed9772de10 code [0x000001ed9772dfc0, 0x000001ed9772e198]
Event: 9.718 Thread 0x000001edb2eb0800 1164       3       java.util.concurrent.ScheduledThreadPoolExecutor::canRunInCurrentRunState (61 bytes)
Event: 9.719 Thread 0x000001edb2eb0800 nmethod 1164 0x000001ed9772e290 code [0x000001ed9772e4c0, 0x000001ed9772ed28]
Event: 12.021 Thread 0x000001edb2eb0800 1165       3       java.lang.invoke.VarHandleGuards::guard_LL_V (103 bytes)

GC Heap History (2 events):
Event: 1.144 GC heap before
{Heap before GC invocations=0 (full 0):
 garbage-first heap   total 262144K, used 29696K [0x0000000701400000, 0x0000000800000000)
  region size 1024K, 24 young (24576K), 0 survivors (0K)
 Metaspace       used 10280K, capacity 10478K, committed 10624K, reserved 1058816K
  class space    used 1068K, capacity 1129K, committed 1152K, reserved 1048576K
}
Event: 1.149 GC heap after
{Heap after GC invocations=1 (full 0):
 garbage-first heap   total 262144K, used 9170K [0x0000000701400000, 0x0000000800000000)
  region size 1024K, 3 young (3072K), 3 survivors (3072K)
 Metaspace       used 10280K, capacity 10478K, committed 10624K, reserved 1058816K
  class space    used 1068K, capacity 1129K, committed 1152K, reserved 1048576K
}

Deoptimization events (20 events):
Event: 1.080 Thread 0x000001ed93602000 Uncommon trap: trap_request=0xffffffde fr.pc=0x000001ed9ea6be14 relative=0x00000000000003f4
Event: 1.080 Thread 0x000001ed93602000 Uncommon trap: reason=class_check action=maybe_recompile pc=0x000001ed9ea6be14 method=java.util.regex.Matcher.match(II)Z @ 121 c2
Event: 1.080 Thread 0x000001ed93602000 DEOPT PACKING pc=0x000001ed9ea6be14 sp=0x0000000f5effd520
Event: 1.081 Thread 0x000001ed93602000 DEOPT UNPACKING pc=0x000001ed96fa772f sp=0x0000000f5effd4c8 mode 2
Event: 1.364 Thread 0x000001ed93602000 DEOPT PACKING pc=0x000001ed975b54ff sp=0x0000000f5effa320
Event: 1.364 Thread 0x000001ed93602000 DEOPT UNPACKING pc=0x000001ed96fa754e sp=0x0000000f5eff9770 mode 0
Event: 1.446 Thread 0x000001ed93602000 DEOPT PACKING pc=0x000001ed9760e9c0 sp=0x0000000f5eff77c0
Event: 1.446 Thread 0x000001ed93602000 DEOPT UNPACKING pc=0x000001ed96fa754e sp=0x0000000f5eff6cd8 mode 0
Event: 1.450 Thread 0x000001ed93602000 Uncommon trap: trap_request=0xffffff4d fr.pc=0x000001ed9ea94d04 relative=0x00000000000001c4
Event: 1.450 Thread 0x000001ed93602000 Uncommon trap: reason=unstable_if action=reinterpret pc=0x000001ed9ea94d04 method=java.util.HashMap.getNode(ILjava/lang/Object;)Ljava/util/HashMap$Node; @ 129 c2
Event: 1.450 Thread 0x000001ed93602000 DEOPT PACKING pc=0x000001ed9ea94d04 sp=0x0000000f5effad60
Event: 1.450 Thread 0x000001ed93602000 DEOPT UNPACKING pc=0x000001ed96fa772f sp=0x0000000f5effac60 mode 2
Event: 3.407 Thread 0x000001ed93602000 Uncommon trap: trap_request=0xffffff4d fr.pc=0x000001ed9ea81420 relative=0x0000000000000560
Event: 3.407 Thread 0x000001ed93602000 Uncommon trap: reason=unstable_if action=reinterpret pc=0x000001ed9ea81420 method=java.lang.AbstractStringBuilder.append(Ljava/lang/String;)Ljava/lang/AbstractStringBuilder; @ 1 c2
Event: 3.407 Thread 0x000001ed93602000 DEOPT PACKING pc=0x000001ed9ea81420 sp=0x0000000f5effcba0
Event: 3.407 Thread 0x000001ed93602000 DEOPT UNPACKING pc=0x000001ed96fa772f sp=0x0000000f5effcb20 mode 2
Event: 3.408 Thread 0x000001ed93602000 Uncommon trap: trap_request=0xffffff4d fr.pc=0x000001ed9ea905f4 relative=0x0000000000000534
Event: 3.408 Thread 0x000001ed93602000 Uncommon trap: reason=unstable_if action=reinterpret pc=0x000001ed9ea905f4 method=java.lang.AbstractStringBuilder.append(Ljava/lang/String;)Ljava/lang/AbstractStringBuilder; @ 1 c2
Event: 3.408 Thread 0x000001ed93602000 DEOPT PACKING pc=0x000001ed9ea905f4 sp=0x0000000f5effcb40
Event: 3.408 Thread 0x000001ed93602000 DEOPT UNPACKING pc=0x000001ed96fa772f sp=0x0000000f5effcb28 mode 2

Classes redefined (0 events):
No events

Internal exceptions (13 events):
Event: 0.240 Thread 0x000001ed93602000 Exception <a 'java/lang/NoSuchMethodError'{0x0000000711298818}: 'int java.lang.invoke.DirectMethodHandle$Holder.invokeSpecialIFC(java.lang.Object, java.lang.Object, int)'> (0x0000000711298818) thrown at [./src/hotspot/share/interpreter/linkResolver.cpp, line 773]
Event: 0.362 Thread 0x000001ed93602000 Exception <a 'java/lang/NoSuchMethodError'{0x000000071101f0e8}: 'int java.lang.invoke.DirectMethodHandle$Holder.invokeStaticInit(java.lang.Object, java.lang.Object)'> (0x000000071101f0e8) thrown at [./src/hotspot/share/interpreter/linkResolver.cpp, line 773]
Event: 0.437 Thread 0x000001ed93602000 Exception <a 'java/lang/NoSuchMethodError'{0x00000007110ed6f8}: 'int java.lang.invoke.DirectMethodHandle$Holder.invokeSpecial(java.lang.Object, java.lang.Object, java.lang.Object, java.lang.Object)'> (0x00000007110ed6f8) thrown at [./src/hotspot/share/interpreter/linkResolver.cpp, line 773]
Event: 1.120 Thread 0x000001ed93602000 Exception <a 'java/lang/NoClassDefFoundError'{0x000000070fc077d8}: org/slf4j/impl/StaticMarkerBinder> (0x000000070fc077d8) thrown at [./src/hotspot/share/classfile/systemDictionary.cpp, line 220]
Event: 1.157 Thread 0x000001ed93602000 Exception <a 'java/lang/NoSuchMethodError'{0x0000000711304a98}: 'java.lang.Object java.lang.invoke.DirectMethodHandle$Holder.invokeVirtual(java.lang.Object, java.lang.Object, java.lang.Object, java.lang.Object, java.lang.Object, java.lang.Object, java.lang.Object)'> (0x0000000711304a98) thrown at [./src/hotspot/share/interpreter/linkResolver.cpp, line 773]
Event: 1.161 Thread 0x000001ed93602000 Exception <a 'java/lang/NoSuchMethodError'{0x00000007113185b8}: 'java.lang.Object java.lang.invoke.Invokers$Holder.invoker(java.lang.Object, java.lang.Object, java.lang.Object)'> (0x00000007113185b8) thrown at [./src/hotspot/share/interpreter/linkResolver.cpp, line 773]
Event: 1.165 Thread 0x000001ed93602000 Exception <a 'java/lang/NoSuchMethodError'{0x0000000711329380}: 'void java.lang.invoke.DelegatingMethodHandle$Holder.delegate(java.lang.Object, java.lang.Object, int, java.lang.Object)'> (0x0000000711329380) thrown at [./src/hotspot/share/interpreter/linkResolver.cpp, line 773]
Event: 1.288 Thread 0x000001ed93602000 Exception <a 'java/lang/NoSuchMethodError'{0x0000000710dfa8c8}: 'java.lang.Object java.lang.invoke.DirectMethodHandle$Holder.invokeInterface(java.lang.Object, java.lang.Object, java.lang.Object)'> (0x0000000710dfa8c8) thrown at [./src/hotspot/share/interpreter/linkResolver.cpp, line 773]
Event: 1.348 Thread 0x000001ed93602000 Exception <a 'java/lang/NoSuchMethodError'{0x0000000710aa2eb8}: 'java.lang.Object java.lang.invoke.DirectMethodHandle$Holder.invokeStaticInit(java.lang.Object, java.lang.Object, java.lang.Object)'> (0x0000000710aa2eb8) thrown at [./src/hotspot/share/interpreter/linkResolver.cpp, line 773]
Event: 1.481 Thread 0x000001ed93602000 Exception <a 'java/lang/NoSuchMethodError'{0x000000071058e308}: 'java.lang.Object java.lang.invoke.DirectMethodHandle$Holder.invokeStaticInit(java.lang.Object, int, int, int, int)'> (0x000000071058e308) thrown at [./src/hotspot/share/interpreter/linkResolver.cpp, line 773]
Event: 2.260 Thread 0x000001ed93602000 Exception <a 'java/lang/NoSuchMethodError'{0x00000007105c3b28}: 'java.lang.Object java.lang.invoke.DirectMethodHandle$Holder.invokeStaticInit(java.lang.Object, java.lang.Object, int, int, int, int)'> (0x00000007105c3b28) thrown at [./src/hotspot/share/interpreter/linkResolver.cpp, line 773]
Event: 3.407 Thread 0x000001ed93602000 Implicit null exception at 0x000001ed9ea80ef4 to 0x000001ed9ea81408
Event: 3.408 Thread 0x000001ed93602000 Implicit null exception at 0x000001ed9ea900f4 to 0x000001ed9ea905dc

Events (20 events):
Event: 3.755 loading class jdk/internal/reflect/Label
Event: 3.755 loading class jdk/internal/reflect/Label done
Event: 3.755 loading class jdk/internal/reflect/Label$PatchInfo
Event: 3.755 loading class jdk/internal/reflect/Label$PatchInfo done
Event: 3.755 loading class jdk/internal/reflect/MethodAccessorGenerator$1
Event: 3.756 loading class jdk/internal/reflect/MethodAccessorGenerator$1 done
Event: 3.756 loading class jdk/internal/reflect/ClassDefiner
Event: 3.756 loading class jdk/internal/reflect/ClassDefiner done
Event: 3.756 loading class jdk/internal/reflect/ClassDefiner$1
Event: 3.756 loading class jdk/internal/reflect/ClassDefiner$1 done
Event: 6.606 loading class com/google/common/collect/CollectPreconditions
Event: 6.606 loading class com/google/common/collect/CollectPreconditions done
Event: 6.607 loading class org/gradle/internal/logging/events/StyledTextOutputEvent$Span
Event: 6.607 loading class org/gradle/internal/logging/events/StyledTextOutputEvent$Span done
Event: 6.607 loading class org/gradle/internal/logging/events/operations/StyledTextBuildOperationProgressDetails$Span
Event: 6.607 loading class org/gradle/internal/logging/events/operations/StyledTextBuildOperationProgressDetails$Span done
Event: 6.607 loading class org/gradle/internal/operations/logging/StyledTextBuildOperationProgressDetails$Span
Event: 6.607 loading class org/gradle/internal/operations/logging/StyledTextBuildOperationProgressDetails$Span done
Event: 6.622 loading class org/gradle/internal/logging/text/AbstractLineChoppingStyledTextOutput$StateContext
Event: 6.622 loading class org/gradle/internal/logging/text/AbstractLineChoppingStyledTextOutput$StateContext done


Dynamic libraries:
0x00007ff7322c0000 - 0x00007ff7322ca000 	C:\Program Files\Android\Android Studio\jre\bin\java.exe
0x00007ffe5bf70000 - 0x00007ffe5c168000 	C:\WINDOWS\SYSTEM32\ntdll.dll
0x00007ffe5b8a0000 - 0x00007ffe5b95f000 	C:\WINDOWS\System32\KERNEL32.DLL
0x00007ffe59680000 - 0x00007ffe5995a000 	C:\WINDOWS\System32\KERNELBASE.dll
0x00007ffe59c10000 - 0x00007ffe59d10000 	C:\WINDOWS\System32\ucrtbase.dll
0x00007ffe48c20000 - 0x00007ffe48c39000 	C:\Program Files\Android\Android Studio\jre\bin\jli.dll
0x00007ffe48c90000 - 0x00007ffe48ca7000 	C:\Program Files\Android\Android Studio\jre\bin\VCRUNTIME140.dll
0x00007ffe5a5f0000 - 0x00007ffe5a78d000 	C:\WINDOWS\System32\USER32.dll
0x00007ffe59d10000 - 0x00007ffe59d32000 	C:\WINDOWS\System32\win32u.dll
0x00007ffe4fb60000 - 0x00007ffe4fdfa000 	C:\WINDOWS\WinSxS\amd64_microsoft.windows.common-controls_6595b64144ccf1df_6.0.19041.1110_none_60b5254171f9507e\COMCTL32.dll
0x00007ffe5a5c0000 - 0x00007ffe5a5eb000 	C:\WINDOWS\System32\GDI32.dll
0x00007ffe59fd0000 - 0x00007ffe5a06e000 	C:\WINDOWS\System32\msvcrt.dll
0x00007ffe59e70000 - 0x00007ffe59f80000 	C:\WINDOWS\System32\gdi32full.dll
0x00007ffe59d40000 - 0x00007ffe59ddd000 	C:\WINDOWS\System32\msvcp_win.dll
0x00007ffe5b120000 - 0x00007ffe5b150000 	C:\WINDOWS\System32\IMM32.DLL
0x00007ffe412e0000 - 0x00007ffe4137d000 	C:\Program Files\Android\Android Studio\jre\bin\msvcp140.dll
0x00007ffe160f0000 - 0x00007ffe16bac000 	C:\Program Files\Android\Android Studio\jre\bin\server\jvm.dll
0x00007ffe5a9a0000 - 0x00007ffe5aa4e000 	C:\WINDOWS\System32\ADVAPI32.dll
0x00007ffe5aae0000 - 0x00007ffe5ab7c000 	C:\WINDOWS\System32\sechost.dll
0x00007ffe5a070000 - 0x00007ffe5a196000 	C:\WINDOWS\System32\RPCRT4.dll
0x00007ffe5a790000 - 0x00007ffe5a798000 	C:\WINDOWS\System32\PSAPI.DLL
0x00007ffe3c5b0000 - 0x00007ffe3c5b9000 	C:\WINDOWS\SYSTEM32\WSOCK32.dll
0x00007ffe53370000 - 0x00007ffe5337a000 	C:\WINDOWS\SYSTEM32\VERSION.dll
0x00007ffe5a550000 - 0x00007ffe5a5bb000 	C:\WINDOWS\System32\WS2_32.dll
0x00007ffe51840000 - 0x00007ffe51867000 	C:\WINDOWS\SYSTEM32\WINMM.dll
0x00007ffe57f20000 - 0x00007ffe57f32000 	C:\WINDOWS\SYSTEM32\kernel.appcore.dll
0x00007ffe153e0000 - 0x00007ffe153f1000 	C:\Program Files\Android\Android Studio\jre\bin\verify.dll
0x00007ffe57cb0000 - 0x00007ffe57e94000 	C:\WINDOWS\SYSTEM32\DBGHELP.DLL
0x00007ffe43cf0000 - 0x00007ffe43d24000 	C:\WINDOWS\SYSTEM32\dbgcore.DLL
0x00007ffe59de0000 - 0x00007ffe59e62000 	C:\WINDOWS\System32\bcryptPrimitives.dll
0x00007ffe152c0000 - 0x00007ffe152e9000 	C:\Program Files\Android\Android Studio\jre\bin\java.dll
0x00007ffe150b0000 - 0x00007ffe150bb000 	C:\Program Files\Android\Android Studio\jre\bin\jimage.dll
0x00007ffe1a610000 - 0x00007ffe1a628000 	C:\Program Files\Android\Android Studio\jre\bin\zip.dll
0x00007ffe5b150000 - 0x00007ffe5b894000 	C:\WINDOWS\System32\SHELL32.dll
0x00007ffe57510000 - 0x00007ffe57ca3000 	C:\WINDOWS\SYSTEM32\windows.storage.dll
0x00007ffe5bbd0000 - 0x00007ffe5bf24000 	C:\WINDOWS\System32\combase.dll
0x00007ffe59070000 - 0x00007ffe5909e000 	C:\WINDOWS\SYSTEM32\Wldp.dll
0x00007ffe5a800000 - 0x00007ffe5a8ad000 	C:\WINDOWS\System32\SHCORE.dll
0x00007ffe5a220000 - 0x00007ffe5a275000 	C:\WINDOWS\System32\shlwapi.dll
0x00007ffe595c0000 - 0x00007ffe595df000 	C:\WINDOWS\SYSTEM32\profapi.dll
0x00007ffe1fbb0000 - 0x00007ffe1fbca000 	C:\Program Files\Android\Android Studio\jre\bin\net.dll
0x00007ffe52280000 - 0x00007ffe5238a000 	C:\WINDOWS\SYSTEM32\WINHTTP.dll
0x00007ffe58d60000 - 0x00007ffe58dca000 	C:\WINDOWS\system32\mswsock.dll
0x00007ffe1fb90000 - 0x00007ffe1fba4000 	C:\Program Files\Android\Android Studio\jre\bin\nio.dll
0x00007ffe48330000 - 0x00007ffe48357000 	C:\Users\mahmo\.gradle\native\e1d6ef7f7dcc3fd88c89a11ec53ec762bb8ba0a96d01ffa2cd45eb1d1d8dd5c5\windows-amd64\native-platform.dll
0x00007ffe4b2c0000 - 0x00007ffe4b2ca000 	C:\Program Files\Android\Android Studio\jre\bin\management.dll
0x00007ffe4b2b0000 - 0x00007ffe4b2bc000 	C:\Program Files\Android\Android Studio\jre\bin\management_ext.dll
0x00007ffe58f50000 - 0x00007ffe58f68000 	C:\WINDOWS\SYSTEM32\CRYPTSP.dll
0x00007ffe58680000 - 0x00007ffe586b4000 	C:\WINDOWS\system32\rsaenh.dll
0x00007ffe59b70000 - 0x00007ffe59b97000 	C:\WINDOWS\System32\bcrypt.dll
0x00007ffe59540000 - 0x00007ffe5956e000 	C:\WINDOWS\SYSTEM32\USERENV.dll
0x00007ffe58f70000 - 0x00007ffe58f7c000 	C:\WINDOWS\SYSTEM32\CRYPTBASE.dll
0x00007ffe58a50000 - 0x00007ffe58a8c000 	C:\WINDOWS\SYSTEM32\IPHLPAPI.DLL
0x00007ffe5aab0000 - 0x00007ffe5aab8000 	C:\WINDOWS\System32\NSI.dll
0x00007ffe525a0000 - 0x00007ffe525b7000 	C:\WINDOWS\SYSTEM32\dhcpcsvc6.DLL
0x00007ffe52ed0000 - 0x00007ffe52eed000 	C:\WINDOWS\SYSTEM32\dhcpcsvc.DLL
0x00007ffe58ae0000 - 0x00007ffe58bab000 	C:\WINDOWS\SYSTEM32\DNSAPI.dll

dbghelp: loaded successfully - version: 4.0.5 - missing functions: none
symbol engine: initialized successfully - sym options: 0x614 - pdb path: .;C:\Program Files\Android\Android Studio\jre\bin;C:\WINDOWS\SYSTEM32;C:\WINDOWS\WinSxS\amd64_microsoft.windows.common-controls_6595b64144ccf1df_6.0.19041.1110_none_60b5254171f9507e;C:\Program Files\Android\Android Studio\jre\bin\server;C:\Users\mahmo\.gradle\native\e1d6ef7f7dcc3fd88c89a11ec53ec762bb8ba0a96d01ffa2cd45eb1d1d8dd5c5\windows-amd64

VM Arguments:
jvm_args: -Dorg.gradle.appname=gradlew 
java_command: org.gradle.wrapper.GradleWrapperMain -q -Ptarget-platform=android-arm64 -Ptarget=E:\imperial\app\imperial\lib\main.dart -Pbase-application-name=android.app.Application -Pdart-defines=Zmx1dHRlci5pbnNwZWN0b3Iuc3RydWN0dXJlZEVycm9ycz10cnVl,RkxVVFRFUl9XRUJfQVVUT19ERVRFQ1Q9dHJ1ZQ== -Pdart-obfuscation=false -Ptrack-widget-creation=true -Ptree-shake-icons=false -Pfilesystem-scheme=org-dartlang-root assembleDebug
java_class_path (initial): E:\imperial\app\imperial\android\\gradle\wrapper\gradle-wrapper.jar
Launcher Type: SUN_STANDARD

[Global flags]
     intx CICompilerCount                          = 4                                         {product} {ergonomic}
     uint ConcGCThreads                            = 2                                         {product} {ergonomic}
     uint G1ConcRefinementThreads                  = 8                                         {product} {ergonomic}
   size_t G1HeapRegionSize                         = 1048576                                   {product} {ergonomic}
    uintx GCDrainStackTargetSize                   = 64                                        {product} {ergonomic}
   size_t InitialHeapSize                          = 268435456                                 {product} {ergonomic}
   size_t MarkStackSize                            = 4194304                                   {product} {ergonomic}
   size_t MaxHeapSize                              = 4273995776                                {product} {ergonomic}
   size_t MaxNewSize                               = 2563768320                                {product} {ergonomic}
   size_t MinHeapDeltaBytes                        = 1048576                                   {product} {ergonomic}
    uintx NonNMethodCodeHeapSize                   = 5836300                                {pd product} {ergonomic}
    uintx NonProfiledCodeHeapSize                  = 122910970                              {pd product} {ergonomic}
    uintx ProfiledCodeHeapSize                     = 122910970                              {pd product} {ergonomic}
    uintx ReservedCodeCacheSize                    = 251658240                              {pd product} {ergonomic}
     bool SegmentedCodeCache                       = true                                      {product} {ergonomic}
     bool UseCompressedClassPointers               = true                                 {lp64_product} {ergonomic}
     bool UseCompressedOops                        = true                                 {lp64_product} {ergonomic}
     bool UseG1GC                                  = true                                      {product} {ergonomic}
     bool UseLargePagesIndividualAllocation        = false                                  {pd product} {ergonomic}

Logging:
Log output configuration:
 #0: stdout all=warning uptime,level,tags
 #1: stderr all=off uptime,level,tags

Environment Variables:
JAVA_HOME=C:\Program Files\Android\Android Studio\jre
CLASSPATH=E:\imperial\app\imperial\android\\gradle\wrapper\gradle-wrapper.jar
PATH=C:\Program Files\Common Files\Oracle\Java\javapath;C:\WINDOWS\system32;C:\WINDOWS;C:\WINDOWS\System32\Wbem;C:\WINDOWS\System32\WindowsPowerShell\v1.0\;C:\WINDOWS\System32\OpenSSH\;C:\Program Files\dotnet\;C:\Program Files\Microsoft SQL Server\130\Tools\Binn\;C:\Program Files\Microsoft SQL Server\Client SDK\ODBC\170\Tools\Binn\;C:\Program Files\CMake\bin;C:\src\flutter\bin;C:\Program Files\Git\cmd;C:\Program Files\Git\bin;C:\Program Files\Git\bin\git.exe;C:\ProgramData\chocolatey\bin;C:\Program Files\Java\jdk-17.0.1\bin;C:\Users\mahmo\AppData\Local\Pub\Cache\bin;C:\Program Files\Common Files\Autodesk Shared\;C:\Program Files\nodejs\;C:\Users\mahmo\AppData\Local\Programs\Python\Python310\Scripts\;C:\Users\mahmo\AppData\Local\Programs\Python\Python310\;C:\Program Files (x86)\VMware\VMware Workstation\bin\;C:\Program Files\Common Files\Oracle\Java\javapath;C:\WINDOWS\system32;C:\WINDOWS;C:\WINDOWS\System32\Wbem;C:\WINDOWS\System32\WindowsPowerShell\v1.0\;C:\WINDOWS\System32\OpenSSH\;C:\Program Files\dotnet\;C:\Program Files\Microsoft SQL Server\130\Tools\Binn\;C:\Program Files\Microsoft SQL Server\Client SDK\ODBC\170\Tools\Binn\;C:\Program Files\CMake\bin;C:\src\flutter\bin;C:\Program Files\Git\cmd;C:\Program Files\Git\bin;C:\Program Files\Git\bin\git.exe;C:\Program Files\nodejs\;C:\ProgramData\chocolatey\bin;C:\Users\mahmo\AppData\Local\Microsoft\WindowsApps;C:\Program Files\JetBrains\IntelliJ IDEA Community Edition 2021.1.3\bin;C:\src\flutter\bin;C:\Program Files\Git\cmd;C:\Program Files\Git\bin;C:\Program Files\Common Files\Oracle\Java\javapath;C:\Users\mahmo\AppData\Local\Android\Sdk\platform-tools;C:\Users\mahmo\Downloads\firebase;C:\Users\mahmo\AppData\Local;C:\Users\mahmo\AppData\Local\Pub\Cache;C:\Users\mahmo\AppData\Local\Programs\Microsoft VS Code\bin;C:\Program Files\Java\jdk-17.0.1\bin;C:\Users\mahmo\AppData\Local\Pub\Cache\bin;C:\Users\mahmo\AppData\Roaming\npm;C:\src\flutter\bin\mingit\cmd
USERNAME=mahmo
OS=Windows_NT
PROCESSOR_IDENTIFIER=Intel64 Family 6 Model 60 Stepping 3, GenuineIntel



---------------  S Y S T E M  ---------------

OS: Windows 10 , 64 bit Build 19041 (10.0.19041.2788)
OS uptime: 3 days 7:55 hours

CPU:total 8 (initial active 8) (4 cores per cpu, 2 threads per core) family 6 model 60 stepping 3, cmov, cx8, fxsr, mmx, sse, sse2, sse3, ssse3, sse4.1, sse4.2, popcnt, avx, avx2, aes, clmul, erms, lzcnt, ht, tsc, tscinvbit, bmi1, bmi2, fma

Memory: 4k page, system-wide physical 16299M (2471M free)
TotalPageFile size 26744M (AvailPageFile size 3M)
current process WorkingSet (physical memory assigned to process): 100M, peak: 108M
current process commit charge ("private bytes"): 360M, peak: 367M

vm_info: OpenJDK 64-Bit Server VM (11.0.8+10-b944.6842174) for windows-amd64 JRE (11.0.8+10-b944.6842174), built on Sep 19 2020 01:11:42 by "builder" with MS VC++ 14.0 (VS2015)

END.
