#
# There is insufficient memory for the Java Runtime Environment to continue.
# Native memory allocation (mmap) failed to map 268435456 bytes for Failed to commit area from 0x0000000701400000 to 0x0000000711400000 of length 268435456.
# Possible reasons:
#   The system is out of physical RAM or swap space
#   The process is running with CompressedOops enabled, and the Java Heap may be blocking the growth of the native heap
# Possible solutions:
#   Reduce memory load on the system
#   Increase physical memory or swap space
#   Check if swap backing store is full
#   Decrease Java heap size (-Xmx/-Xms)
#   Decrease number of Java threads
#   Decrease Java thread stack sizes (-Xss)
#   Set larger code cache with -XX:ReservedCodeCacheSize=
# This output file may be truncated or incomplete.
#
#  Out of Memory Error (./src/hotspot/os/windows/os_windows.cpp:3303), pid=14504, tid=19384
#
# JRE version:  (11.0.8+10) (build )
# Java VM: OpenJDK 64-Bit Server VM (11.0.8+10-b944.6842174, mixed mode, sharing, tiered, compressed oops, g1 gc, windows-amd64)
# No core dump will be written. Minidumps are not enabled by default on client versions of Windows
#

---------------  S U M M A R Y ------------

Command Line: org.jetbrains.kotlin.cli.jvm.K2JVMCompiler @E:\imperial\app\imperial\build\app\20230501_12226409014843705843.compiler.options

Host: Intel(R) Core(TM) i7-4810MQ CPU @ 2.80GHz, 8 cores, 15G,  Windows 10 , 64 bit Build 19041 (10.0.19041.2788)
Time: Mon May  1 11:40:07 2023 Egypt Daylight Time elapsed time: 0 seconds (0d 0h 0m 0s)

---------------  T H R E A D  ---------------

Current thread (0x00000208aae53000):  JavaThread "Unknown thread" [_thread_in_vm, id=19384, stack(0x0000004738600000,0x0000004738700000)]

Stack: [0x0000004738600000,0x0000004738700000]
Native frames: (J=compiled Java code, j=interpreted, Vv=VM code, C=native code)
V  [jvm.dll+0x5de50a]
V  [jvm.dll+0x7122f5]
V  [jvm.dll+0x71384d]
V  [jvm.dll+0x713f03]
V  [jvm.dll+0x23e728]
V  [jvm.dll+0x5db9a4]
V  [jvm.dll+0x5d0ae5]
V  [jvm.dll+0x2fb20b]
V  [jvm.dll+0x2fb17a]
V  [jvm.dll+0x2fb052]
V  [jvm.dll+0x2fff16]
V  [jvm.dll+0x348743]
V  [jvm.dll+0x348e46]
V  [jvm.dll+0x348843]
V  [jvm.dll+0x2d5d68]
V  [jvm.dll+0x2d6f07]
V  [jvm.dll+0x6f11f7]
V  [jvm.dll+0x6f29ec]
V  [jvm.dll+0x355cb9]
V  [jvm.dll+0x6d4ade]
V  [jvm.dll+0x3bdfe3]
V  [jvm.dll+0x3c0201]
C  [jli.dll+0x5373]
C  [ucrtbase.dll+0x21bb2]
C  [KERNEL32.DLL+0x17604]
C  [ntdll.dll+0x526a1]


---------------  P R O C E S S  ---------------

Threads class SMR info:
_java_thread_list=0x00000208a8bf6000, length=0, elements={
}

Java Threads: ( => current thread )

Other Threads:
  0x00000208aae68800 GCTaskThread "GC Thread#0" [stack: 0x0000004738700000,0x0000004738800000] [id=6252]
  0x00000208aaec3000 ConcurrentGCThread "G1 Main Marker" [stack: 0x0000004738800000,0x0000004738900000] [id=10708]
  0x00000208aaec4800 ConcurrentGCThread "G1 Conc#0" [stack: 0x0000004738900000,0x0000004738a00000] [id=1440]

[error occurred during error reporting (printing all threads), id 0xc0000005, EXCEPTION_ACCESS_VIOLATION (0xc0000005) at pc=0x00007ffe163d6357]

VM state:not at safepoint (not fully initialized)

VM Mutex/Monitor currently owned by a thread:  ([mutex/lock_event])
[0x00000208aae4ec50] Heap_lock - owner thread: 0x00000208aae53000

Heap address: 0x0000000701400000, size: 4076 MB, Compressed Oops mode: Non-zero based: 0x0000000701400000
Narrow klass base: 0x0000000000000000, Narrow klass shift: 0

GC Heap History (0 events):
No events

Deoptimization events (0 events):
No events

Classes redefined (0 events):
No events

Internal exceptions (0 events):
No events

Events (1 events):
Event: 0.021 Loaded shared library C:\Program Files\Android\Android Studio\jre\bin\zip.dll


Dynamic libraries:
0x00007ff7322c0000 - 0x00007ff7322ca000 	C:\Program Files\Android\Android Studio\jre\bin\java.exe
0x00007ffe5bf70000 - 0x00007ffe5c168000 	C:\WINDOWS\SYSTEM32\ntdll.dll
0x00007ffe5b8a0000 - 0x00007ffe5b95f000 	C:\WINDOWS\System32\KERNEL32.DLL
0x00007ffe59680000 - 0x00007ffe5995a000 	C:\WINDOWS\System32\KERNELBASE.dll
0x00007ffe48c20000 - 0x00007ffe48c39000 	C:\Program Files\Android\Android Studio\jre\bin\jli.dll
0x00007ffe5a5f0000 - 0x00007ffe5a78d000 	C:\WINDOWS\System32\USER32.dll
0x00007ffe59c10000 - 0x00007ffe59d10000 	C:\WINDOWS\System32\ucrtbase.dll
0x00007ffe59d10000 - 0x00007ffe59d32000 	C:\WINDOWS\System32\win32u.dll
0x00007ffe48c90000 - 0x00007ffe48ca7000 	C:\Program Files\Android\Android Studio\jre\bin\VCRUNTIME140.dll
0x00007ffe5a5c0000 - 0x00007ffe5a5eb000 	C:\WINDOWS\System32\GDI32.dll
0x00007ffe4fb60000 - 0x00007ffe4fdfa000 	C:\WINDOWS\WinSxS\amd64_microsoft.windows.common-controls_6595b64144ccf1df_6.0.19041.1110_none_60b5254171f9507e\COMCTL32.dll
0x00007ffe59e70000 - 0x00007ffe59f80000 	C:\WINDOWS\System32\gdi32full.dll
0x00007ffe59d40000 - 0x00007ffe59ddd000 	C:\WINDOWS\System32\msvcp_win.dll
0x00007ffe59fd0000 - 0x00007ffe5a06e000 	C:\WINDOWS\System32\msvcrt.dll
0x00007ffe5b120000 - 0x00007ffe5b150000 	C:\WINDOWS\System32\IMM32.DLL
0x00007ffe412e0000 - 0x00007ffe4137d000 	C:\Program Files\Android\Android Studio\jre\bin\msvcp140.dll
0x00007ffe160f0000 - 0x00007ffe16bac000 	C:\Program Files\Android\Android Studio\jre\bin\server\jvm.dll
0x00007ffe5a9a0000 - 0x00007ffe5aa4e000 	C:\WINDOWS\System32\ADVAPI32.dll
0x00007ffe5aae0000 - 0x00007ffe5ab7c000 	C:\WINDOWS\System32\sechost.dll
0x00007ffe5a070000 - 0x00007ffe5a196000 	C:\WINDOWS\System32\RPCRT4.dll
0x00007ffe5a790000 - 0x00007ffe5a798000 	C:\WINDOWS\System32\PSAPI.DLL
0x00007ffe3c5b0000 - 0x00007ffe3c5b9000 	C:\WINDOWS\SYSTEM32\WSOCK32.dll
0x00007ffe51840000 - 0x00007ffe51867000 	C:\WINDOWS\SYSTEM32\WINMM.dll
0x00007ffe5a550000 - 0x00007ffe5a5bb000 	C:\WINDOWS\System32\WS2_32.dll
0x00007ffe53370000 - 0x00007ffe5337a000 	C:\WINDOWS\SYSTEM32\VERSION.dll
0x00007ffe57f20000 - 0x00007ffe57f32000 	C:\WINDOWS\SYSTEM32\kernel.appcore.dll
0x00007ffe153e0000 - 0x00007ffe153f1000 	C:\Program Files\Android\Android Studio\jre\bin\verify.dll
0x00007ffe57cb0000 - 0x00007ffe57e94000 	C:\WINDOWS\SYSTEM32\DBGHELP.DLL
0x00007ffe43cf0000 - 0x00007ffe43d24000 	C:\WINDOWS\SYSTEM32\dbgcore.DLL
0x00007ffe59de0000 - 0x00007ffe59e62000 	C:\WINDOWS\System32\bcryptPrimitives.dll
0x00007ffe152c0000 - 0x00007ffe152e9000 	C:\Program Files\Android\Android Studio\jre\bin\java.dll
0x00007ffe150b0000 - 0x00007ffe150bb000 	C:\Program Files\Android\Android Studio\jre\bin\jimage.dll
0x00007ffe1a610000 - 0x00007ffe1a628000 	C:\Program Files\Android\Android Studio\jre\bin\zip.dll

dbghelp: loaded successfully - version: 4.0.5 - missing functions: none
symbol engine: initialized successfully - sym options: 0x614 - pdb path: .;C:\Program Files\Android\Android Studio\jre\bin;C:\WINDOWS\SYSTEM32;C:\WINDOWS\WinSxS\amd64_microsoft.windows.common-controls_6595b64144ccf1df_6.0.19041.1110_none_60b5254171f9507e;C:\Program Files\Android\Android Studio\jre\bin\server

VM Arguments:
java_command: org.jetbrains.kotlin.cli.jvm.K2JVMCompiler @E:\imperial\app\imperial\build\app\20230501_12226409014843705843.compiler.options
java_class_path (initial): C:\Users\mahmo\.gradle\caches\modules-2\files-2.1\org.jetbrains.kotlin\kotlin-compiler-embeddable\1.7.10\909803167c98606fcf22b4c848647c68e351d48d\kotlin-compiler-embeddable-1.7.10.jar;C:\Users\mahmo\.gradle\caches\modules-2\files-2.1\org.jetbrains.kotlin\kotlin-reflect\1.7.10\165e600dfea6185cf5efa700756294cc4904dbeb\kotlin-reflect-1.7.10.jar;C:\Users\mahmo\.gradle\caches\modules-2\files-2.1\org.jetbrains.kotlin\kotlin-stdlib\1.7.10\d2abf9e77736acc4450dc4a3f707fa2c10f5099d\kotlin-stdlib-1.7.10.jar;C:\Users\mahmo\.gradle\caches\modules-2\files-2.1\org.jetbrains.kotlin\kotlin-script-runtime\1.7.10\c99c87a6988d8fd8d5142e9ed5c9f34a7cf561ee\kotlin-script-runtime-1.7.10.jar;C:\Users\mahmo\.gradle\caches\modules-2\files-2.1\org.jetbrains.kotlin\kotlin-daemon-embeddable\1.7.10\3a9f7aef7080d3ae63126cbba4f827ed664f32fa\kotlin-daemon-embeddable-1.7.10.jar;C:\Users\mahmo\.gradle\caches\modules-2\files-2.1\org.jetbrains.intellij.deps\trove4j\1.0.20200330\3afb14d5f9ceb459d724e907a21145e8ff394f02\trove4j-1.0.20200330.jar;C:\Users\mahmo\.gradle\caches\modules-2\files-2.1\net.java.dev.jna\jna\5.6.0\330f2244e9030119ab3030fc3fededc86713d9cc\jna-5.6.0.jar;C:\Users\mahmo\.gradle\caches\modules-2\files-2.1\org.jetbrains.kotlin\kotlin-stdlib-common\1.7.10\bac80c520d0a9e3f3673bc2658c6ed02ef45a76a\kotlin-stdlib-common-1.7.10.jar;C:\Users\mahmo\.gradle\caches\modules-2\files-2.1\org.jetbrains\annotations\13.0\919f0dfe192fb4e063e7dacadee7f8bb9a2672a9\annotations-13.0.jar
Launcher Type: SUN_STANDARD

[Global flags]
     intx CICompilerCount                          = 4                                         {product} {ergonomic}
     uint ConcGCThreads                            = 2                                         {product} {ergonomic}
     uint G1ConcRefinementThreads                  = 8                                         {product} {ergonomic}
   size_t G1HeapRegionSize                         = 1048576                                   {product} {ergonomic}
    uintx GCDrainStackTargetSize                   = 64                                        {product} {ergonomic}
   size_t InitialHeapSize                          = 268435456                                 {product} {ergonomic}
   size_t MarkStackSize                            = 4194304                                   {product} {ergonomic}
   size_t MaxHeapSize                              = 4273995776                                {product} {ergonomic}
   size_t MinHeapDeltaBytes                        = 1048576                                   {product} {ergonomic}
    uintx NonNMethodCodeHeapSize                   = 5836300                                {pd product} {ergonomic}
    uintx NonProfiledCodeHeapSize                  = 122910970                              {pd product} {ergonomic}
    uintx ProfiledCodeHeapSize                     = 122910970                              {pd product} {ergonomic}
    uintx ReservedCodeCacheSize                    = 251658240                              {pd product} {ergonomic}
     bool SegmentedCodeCache                       = true                                      {product} {ergonomic}
     bool UseCompressedClassPointers               = true                                 {lp64_product} {ergonomic}
     bool UseCompressedOops                        = true                                 {lp64_product} {ergonomic}
     bool UseG1GC                                  = true                                      {product} {ergonomic}
     bool UseLargePagesIndividualAllocation        = false                                  {pd product} {ergonomic}

Logging:
Log output configuration:
 #0: stdout all=warning uptime,level,tags
 #1: stderr all=off uptime,level,tags

Environment Variables:
JAVA_HOME=C:\Program Files\Android\Android Studio\jre
CLASSPATH=E:\imperial\app\imperial\android\\gradle\wrapper\gradle-wrapper.jar
PATH=C:\Program Files\Common Files\Oracle\Java\javapath;C:\WINDOWS\system32;C:\WINDOWS;C:\WINDOWS\System32\Wbem;C:\WINDOWS\System32\WindowsPowerShell\v1.0\;C:\WINDOWS\System32\OpenSSH\;C:\Program Files\dotnet\;C:\Program Files\Microsoft SQL Server\130\Tools\Binn\;C:\Program Files\Microsoft SQL Server\Client SDK\ODBC\170\Tools\Binn\;C:\Program Files\CMake\bin;C:\src\flutter\bin;C:\Program Files\Git\cmd;C:\Program Files\Git\bin;C:\Program Files\Git\bin\git.exe;C:\ProgramData\chocolatey\bin;C:\Program Files\Java\jdk-17.0.1\bin;C:\Users\mahmo\AppData\Local\Pub\Cache\bin;C:\Program Files\Common Files\Autodesk Shared\;C:\Program Files\nodejs\;C:\Users\mahmo\AppData\Local\Programs\Python\Python310\Scripts\;C:\Users\mahmo\AppData\Local\Programs\Python\Python310\;C:\Program Files (x86)\VMware\VMware Workstation\bin\;C:\Program Files\Common Files\Oracle\Java\javapath;C:\WINDOWS\system32;C:\WINDOWS;C:\WINDOWS\System32\Wbem;C:\WINDOWS\System32\WindowsPowerShell\v1.0\;C:\WINDOWS\System32\OpenSSH\;C:\Program Files\dotnet\;C:\Program Files\Microsoft SQL Server\130\Tools\Binn\;C:\Program Files\Microsoft SQL Server\Client SDK\ODBC\170\Tools\Binn\;C:\Program Files\CMake\bin;C:\src\flutter\bin;C:\Program Files\Git\cmd;C:\Program Files\Git\bin;C:\Program Files\Git\bin\git.exe;C:\Program Files\nodejs\;C:\ProgramData\chocolatey\bin;C:\Users\mahmo\AppData\Local\Microsoft\WindowsApps;C:\Program Files\JetBrains\IntelliJ IDEA Community Edition 2021.1.3\bin;C:\src\flutter\bin;C:\Program Files\Git\cmd;C:\Program Files\Git\bin;C:\Program Files\Common Files\Oracle\Java\javapath;C:\Users\mahmo\AppData\Local\Android\Sdk\platform-tools;C:\Users\mahmo\Downloads\firebase;C:\Users\mahmo\AppData\Local;C:\Users\mahmo\AppData\Local\Pub\Cache;C:\Users\mahmo\AppData\Local\Programs\Microsoft VS Code\bin;C:\Program Files\Java\jdk-17.0.1\bin;C:\Users\mahmo\AppData\Local\Pub\Cache\bin;C:\Users\mahmo\AppData\Roaming\npm;C:\src\flutter\bin\mingit\cmd
USERNAME=mahmo
OS=Windows_NT
PROCESSOR_IDENTIFIER=Intel64 Family 6 Model 60 Stepping 3, GenuineIntel



---------------  S Y S T E M  ---------------

OS: Windows 10 , 64 bit Build 19041 (10.0.19041.2788)
OS uptime: 3 days 7:54 hours

CPU:total 8 (initial active 8) (4 cores per cpu, 2 threads per core) family 6 model 60 stepping 3, cmov, cx8, fxsr, mmx, sse, sse2, sse3, ssse3, sse4.1, sse4.2, popcnt, avx, avx2, aes, clmul, erms, lzcnt, ht, tsc, tscinvbit, bmi1, bmi2, fma

Memory: 4k page, system-wide physical 16299M (2626M free)
TotalPageFile size 26744M (AvailPageFile size 146M)
current process WorkingSet (physical memory assigned to process): 10M, peak: 10M
current process commit charge ("private bytes"): 60M, peak: 316M

vm_info: OpenJDK 64-Bit Server VM (11.0.8+10-b944.6842174) for windows-amd64 JRE (11.0.8+10-b944.6842174), built on Sep 19 2020 01:11:42 by "builder" with MS VC++ 14.0 (VS2015)

END.
